<?xml version="1.0" encoding="UTF-8"?>
<testsuite name="com.susu.movies.integration.SearchMoviesIntegrationTest" tests="1" skipped="0" failures="1" errors="0" timestamp="2016-06-21T08:50:14" hostname="Susanas-MacBook-Pro.local" time="9.659">
  <properties/>
  <testcase name="should find movies for a query" classname="com.susu.movies.integration.SearchMoviesIntegrationTest" time="9.659">
    <failure message="com.susu.movies.search.adapter.SearchMoviesException: Error response from Movies API" type="com.susu.movies.search.adapter.SearchMoviesException">com.susu.movies.search.adapter.SearchMoviesException: Error response from Movies API
	at com.susu.movies.search.adapter.SearchMoviesClient.searchMovies(SearchMoviesClient.groovy:29)
	at org.springframework.cglib.proxy.MethodProxy.invoke(MethodProxy.java:204)
	at org.springframework.aop.framework.CglibAopProxy$CglibMethodInvocation.invokeJoinpoint(CglibAopProxy.java:717)
	at org.springframework.aop.framework.ReflectiveMethodInvocation.proceed(ReflectiveMethodInvocation.java:157)
	at org.springframework.retry.interceptor.RetryOperationsInterceptor$1.doWithRetry(RetryOperationsInterceptor.java:74)
	at org.springframework.retry.support.RetryTemplate.doExecute(RetryTemplate.java:263)
	at org.springframework.retry.support.RetryTemplate.execute(RetryTemplate.java:154)
	at org.springframework.retry.interceptor.RetryOperationsInterceptor.invoke(RetryOperationsInterceptor.java:101)
	at org.springframework.retry.annotation.AnnotationAwareRetryOperationsInterceptor.invoke(AnnotationAwareRetryOperationsInterceptor.java:118)
	at org.springframework.aop.framework.ReflectiveMethodInvocation.proceed(ReflectiveMethodInvocation.java:179)
	at org.springframework.aop.framework.CglibAopProxy$DynamicAdvisedInterceptor.intercept(CglibAopProxy.java:653)
	at com.susu.movies.search.adapter.DefaultSearchMoviesAdapter.searchMovies(DefaultSearchMoviesAdapter.groovy:27)
	at com.susu.movies.integration.SearchMoviesIntegrationTest.should find movies for a query(SearchMoviesIntegrationTest.groovy:33)
Caused by: org.springframework.web.client.HttpClientErrorException: 401 Unauthorized
	at org.springframework.web.client.DefaultResponseErrorHandler.handleError(DefaultResponseErrorHandler.java:91)
	at org.springframework.web.client.RestTemplate.handleResponse(RestTemplate.java:614)
	at org.springframework.web.client.RestTemplate.doExecute(RestTemplate.java:570)
	at org.springframework.web.client.RestTemplate.execute(RestTemplate.java:530)
	at org.springframework.web.client.RestTemplate.getForObject(RestTemplate.java:237)
	at com.susu.movies.search.adapter.SearchMoviesClient.searchMovies(SearchMoviesClient.groovy:27)
	... 12 more
</failure>
  </testcase>
  <system-out><![CDATA[15:50:14.389 [Test worker] DEBUG o.s.t.annotation.ProfileValueUtils - Retrieved @ProfileValueSourceConfiguration [null] for test class [com.susu.movies.integration.SearchMoviesIntegrationTest]
15:50:14.397 [Test worker] DEBUG o.s.t.annotation.ProfileValueUtils - Retrieved ProfileValueSource type [class org.springframework.test.annotation.SystemProfileValueSource] for class [com.susu.movies.integration.SearchMoviesIntegrationTest]
15:50:14.398 [Test worker] DEBUG o.s.t.annotation.ProfileValueUtils - Retrieved @ProfileValueSourceConfiguration [null] for test class [com.susu.movies.integration.SearchMoviesIntegrationTest]
15:50:14.398 [Test worker] DEBUG o.s.t.annotation.ProfileValueUtils - Retrieved ProfileValueSource type [class org.springframework.test.annotation.SystemProfileValueSource] for class [com.susu.movies.integration.SearchMoviesIntegrationTest]
15:50:14.412 [Test worker] DEBUG o.s.test.context.BootstrapUtils - Instantiating TestContextBootstrapper from class [org.springframework.test.context.support.DefaultTestContextBootstrapper]
15:50:14.440 [Test worker] DEBUG o.s.t.c.s.AbstractDelegatingSmartContextLoader - Delegating to AnnotationConfigContextLoader to process context configuration [ContextConfigurationAttributes@47ba6b68 declaringClass = 'com.susu.movies.integration.SearchMoviesIntegrationTest', classes = '{class com.susu.movies.integration.IntegrationTestConfiguration, class com.susu.movies.Application}', locations = '{}', inheritLocations = true, initializers = '{}', inheritInitializers = true, name = [null], contextLoaderClass = 'org.springframework.test.context.ContextLoader'].
15:50:14.443 [Test worker] DEBUG o.s.t.c.support.ActiveProfilesUtils - Could not find an 'annotation declaring class' for annotation type [org.springframework.test.context.ActiveProfiles] and class [com.susu.movies.integration.SearchMoviesIntegrationTest]
15:50:14.449 [Test worker] DEBUG o.s.t.c.s.DefaultTestContextBootstrapper - @TestExecutionListeners is not present for class [com.susu.movies.integration.SearchMoviesIntegrationTest]: using defaults.
15:50:14.459 [Test worker] INFO  o.s.t.c.s.DefaultTestContextBootstrapper - Loaded default TestExecutionListener class names from location [META-INF/spring.factories]: [org.springframework.test.context.web.ServletTestExecutionListener, org.springframework.test.context.support.DependencyInjectionTestExecutionListener, org.springframework.test.context.support.DirtiesContextTestExecutionListener, org.springframework.test.context.transaction.TransactionalTestExecutionListener, org.springframework.test.context.jdbc.SqlScriptsTestExecutionListener]
15:50:14.473 [Test worker] INFO  o.s.t.c.s.DefaultTestContextBootstrapper - Could not instantiate TestExecutionListener [org.springframework.test.context.transaction.TransactionalTestExecutionListener]. Specify custom listener classes or make the default listener classes (and their required dependencies) available. Offending class: [org/springframework/transaction/interceptor/TransactionAttributeSource]
15:50:14.479 [Test worker] INFO  o.s.t.c.s.DefaultTestContextBootstrapper - Could not instantiate TestExecutionListener [org.springframework.test.context.jdbc.SqlScriptsTestExecutionListener]. Specify custom listener classes or make the default listener classes (and their required dependencies) available. Offending class: [org/springframework/transaction/interceptor/TransactionAttribute]
15:50:14.482 [Test worker] INFO  o.s.t.c.s.DefaultTestContextBootstrapper - Using TestExecutionListeners: [org.springframework.test.context.web.ServletTestExecutionListener@63f98da2, org.springframework.test.context.support.DependencyInjectionTestExecutionListener@c662856, org.springframework.test.context.support.DirtiesContextTestExecutionListener@72e7d2ca]
15:50:14.810 [Test worker] DEBUG o.s.t.c.s.DependencyInjectionTestExecutionListener - Performing dependency injection for test context [[DefaultTestContext@6335caa testClass = SearchMoviesIntegrationTest, testInstance = com.susu.movies.integration.SearchMoviesIntegrationTest@42fe8260, testMethod = [null], testException = [null], mergedContextConfiguration = [MergedContextConfiguration@501aee8 testClass = SearchMoviesIntegrationTest, locations = '{}', classes = '{class com.susu.movies.integration.IntegrationTestConfiguration, class com.susu.movies.Application}', contextInitializerClasses = '[]', activeProfiles = '{}', propertySourceLocations = '{}', propertySourceProperties = '{}', contextLoader = 'org.springframework.test.context.support.DelegatingSmartContextLoader', parent = [null]]]].
15:50:14.812 [Test worker] DEBUG o.s.t.c.s.AbstractDelegatingSmartContextLoader - Delegating to AnnotationConfigContextLoader to load context from [MergedContextConfiguration@501aee8 testClass = SearchMoviesIntegrationTest, locations = '{}', classes = '{class com.susu.movies.integration.IntegrationTestConfiguration, class com.susu.movies.Application}', contextInitializerClasses = '[]', activeProfiles = '{}', propertySourceLocations = '{}', propertySourceProperties = '{}', contextLoader = 'org.springframework.test.context.support.DelegatingSmartContextLoader', parent = [null]].
15:50:14.812 [Test worker] DEBUG o.s.t.c.s.AbstractGenericContextLoader - Loading ApplicationContext for merged context configuration [[MergedContextConfiguration@501aee8 testClass = SearchMoviesIntegrationTest, locations = '{}', classes = '{class com.susu.movies.integration.IntegrationTestConfiguration, class com.susu.movies.Application}', contextInitializerClasses = '[]', activeProfiles = '{}', propertySourceLocations = '{}', propertySourceProperties = '{}', contextLoader = 'org.springframework.test.context.support.DelegatingSmartContextLoader', parent = [null]]].
15:50:14.825 [Test worker] DEBUG o.s.c.i.s.PathMatchingResourcePatternResolver - Found Equinox FileLocator for OSGi bundle URL resolution
15:50:14.907 [Test worker] DEBUG o.s.core.env.StandardEnvironment - Adding [systemProperties] PropertySource with lowest search precedence
15:50:14.909 [Test worker] DEBUG o.s.core.env.StandardEnvironment - Adding [systemEnvironment] PropertySource with lowest search precedence
15:50:14.909 [Test worker] DEBUG o.s.core.env.StandardEnvironment - Initialized StandardEnvironment with PropertySources [systemProperties,systemEnvironment]
15:50:14.909 [Test worker] DEBUG o.s.t.c.s.AnnotationConfigContextLoader - Registering annotated classes: {class com.susu.movies.integration.IntegrationTestConfiguration, class com.susu.movies.Application}
15:50:14.949 [Test worker] INFO  o.s.c.s.GenericApplicationContext - Refreshing org.springframework.context.support.GenericApplicationContext@2b1c45e3: startup date [Tue Jun 21 15:50:14 ICT 2016]; root of context hierarchy
15:50:14.949 [Test worker] DEBUG o.s.c.s.GenericApplicationContext - Bean factory for org.springframework.context.support.GenericApplicationContext@2b1c45e3: org.springframework.beans.factory.support.DefaultListableBeanFactory@463d99c0: defining beans [org.springframework.context.annotation.internalConfigurationAnnotationProcessor,org.springframework.context.annotation.internalAutowiredAnnotationProcessor,org.springframework.context.annotation.internalRequiredAnnotationProcessor,org.springframework.context.annotation.internalCommonAnnotationProcessor,integrationTestConfiguration,application]; root of factory hierarchy
15:50:14.960 [Test worker] DEBUG o.s.b.f.s.DefaultListableBeanFactory - Creating shared instance of singleton bean 'org.springframework.context.annotation.internalConfigurationAnnotationProcessor'
15:50:14.961 [Test worker] DEBUG o.s.b.f.s.DefaultListableBeanFactory - Creating instance of bean 'org.springframework.context.annotation.internalConfigurationAnnotationProcessor'
15:50:14.981 [Test worker] DEBUG o.s.b.f.s.DefaultListableBeanFactory - Eagerly caching bean 'org.springframework.context.annotation.internalConfigurationAnnotationProcessor' to allow for resolving potential circular references
15:50:14.983 [Test worker] DEBUG o.s.b.f.s.DefaultListableBeanFactory - Finished creating instance of bean 'org.springframework.context.annotation.internalConfigurationAnnotationProcessor'
15:50:15.002 [Test worker] DEBUG o.s.core.env.StandardEnvironment - Adding [class path resource [application-test.properties]] PropertySource with lowest search precedence
15:50:15.005 [Test worker] DEBUG o.s.core.env.StandardEnvironment - Adding [systemProperties] PropertySource with lowest search precedence
15:50:15.005 [Test worker] DEBUG o.s.core.env.StandardEnvironment - Adding [systemEnvironment] PropertySource with lowest search precedence
15:50:15.005 [Test worker] DEBUG o.s.core.env.StandardEnvironment - Initialized StandardEnvironment with PropertySources [systemProperties,systemEnvironment]
15:50:15.007 [Test worker] DEBUG o.s.c.a.ClassPathBeanDefinitionScanner - JSR-250 'javax.annotation.ManagedBean' found and supported for component scanning
15:50:15.008 [Test worker] DEBUG o.s.c.a.ClassPathBeanDefinitionScanner - JSR-330 'javax.inject.Named' annotation found and supported for component scanning
15:50:15.011 [Test worker] DEBUG o.s.c.i.s.PathMatchingResourcePatternResolver - Looking for matching resources in directory tree [/Users/Susana/IdeaProjects/movies/movies-adapter/build/classes/test/com/susu/movies]
15:50:15.011 [Test worker] DEBUG o.s.c.i.s.PathMatchingResourcePatternResolver - Searching directory [/Users/Susana/IdeaProjects/movies/movies-adapter/build/classes/test/com/susu/movies] for files matching pattern [/Users/Susana/IdeaProjects/movies/movies-adapter/build/classes/test/com/susu/movies/**/*.class]
15:50:15.013 [Test worker] DEBUG o.s.c.i.s.PathMatchingResourcePatternResolver - Searching directory [/Users/Susana/IdeaProjects/movies/movies-adapter/build/classes/test/com/susu/movies/acceptance] for files matching pattern [/Users/Susana/IdeaProjects/movies/movies-adapter/build/classes/test/com/susu/movies/**/*.class]
15:50:15.013 [Test worker] DEBUG o.s.c.i.s.PathMatchingResourcePatternResolver - Searching directory [/Users/Susana/IdeaProjects/movies/movies-adapter/build/classes/test/com/susu/movies/acceptance/common] for files matching pattern [/Users/Susana/IdeaProjects/movies/movies-adapter/build/classes/test/com/susu/movies/**/*.class]
15:50:15.014 [Test worker] DEBUG o.s.c.i.s.PathMatchingResourcePatternResolver - Searching directory [/Users/Susana/IdeaProjects/movies/movies-adapter/build/classes/test/com/susu/movies/integration] for files matching pattern [/Users/Susana/IdeaProjects/movies/movies-adapter/build/classes/test/com/susu/movies/**/*.class]
15:50:15.015 [Test worker] DEBUG o.s.c.i.s.PathMatchingResourcePatternResolver - Searching directory [/Users/Susana/IdeaProjects/movies/movies-adapter/build/classes/test/com/susu/movies/search] for files matching pattern [/Users/Susana/IdeaProjects/movies/movies-adapter/build/classes/test/com/susu/movies/**/*.class]
15:50:15.015 [Test worker] DEBUG o.s.c.i.s.PathMatchingResourcePatternResolver - Searching directory [/Users/Susana/IdeaProjects/movies/movies-adapter/build/classes/test/com/susu/movies/search/adapter] for files matching pattern [/Users/Susana/IdeaProjects/movies/movies-adapter/build/classes/test/com/susu/movies/**/*.class]
15:50:15.018 [Test worker] DEBUG o.s.c.i.s.PathMatchingResourcePatternResolver - Looking for matching resources in directory tree [/Users/Susana/IdeaProjects/movies/movies-adapter/build/classes/main/com/susu/movies]
15:50:15.018 [Test worker] DEBUG o.s.c.i.s.PathMatchingResourcePatternResolver - Searching directory [/Users/Susana/IdeaProjects/movies/movies-adapter/build/classes/main/com/susu/movies] for files matching pattern [/Users/Susana/IdeaProjects/movies/movies-adapter/build/classes/main/com/susu/movies/**/*.class]
15:50:15.018 [Test worker] DEBUG o.s.c.i.s.PathMatchingResourcePatternResolver - Searching directory [/Users/Susana/IdeaProjects/movies/movies-adapter/build/classes/main/com/susu/movies/model] for files matching pattern [/Users/Susana/IdeaProjects/movies/movies-adapter/build/classes/main/com/susu/movies/**/*.class]
15:50:15.019 [Test worker] DEBUG o.s.c.i.s.PathMatchingResourcePatternResolver - Searching directory [/Users/Susana/IdeaProjects/movies/movies-adapter/build/classes/main/com/susu/movies/search] for files matching pattern [/Users/Susana/IdeaProjects/movies/movies-adapter/build/classes/main/com/susu/movies/**/*.class]
15:50:15.019 [Test worker] DEBUG o.s.c.i.s.PathMatchingResourcePatternResolver - Searching directory [/Users/Susana/IdeaProjects/movies/movies-adapter/build/classes/main/com/susu/movies/search/adapter] for files matching pattern [/Users/Susana/IdeaProjects/movies/movies-adapter/build/classes/main/com/susu/movies/**/*.class]
15:50:15.020 [Test worker] DEBUG o.s.c.i.s.PathMatchingResourcePatternResolver - Searching directory [/Users/Susana/IdeaProjects/movies/movies-adapter/build/classes/main/com/susu/movies/status] for files matching pattern [/Users/Susana/IdeaProjects/movies/movies-adapter/build/classes/main/com/susu/movies/**/*.class]
15:50:15.020 [Test worker] DEBUG o.s.c.i.s.PathMatchingResourcePatternResolver - Looking for matching resources in jar file [file:/Users/Susana/IdeaProjects/movies/movies-model/build/libs/movies-model-master-SNAPSHOT.jar]
15:50:15.021 [Test worker] DEBUG o.s.c.i.s.PathMatchingResourcePatternResolver - Resolved location pattern [classpath*:com/susu/movies/**/*.class] to resources [file [/Users/Susana/IdeaProjects/movies/movies-adapter/build/classes/test/com/susu/movies/acceptance/common/BaseApiClient.class], file [/Users/Susana/IdeaProjects/movies/movies-adapter/build/classes/test/com/susu/movies/acceptance/common/RestAssuredObjectMapperWrapper.class], file [/Users/Susana/IdeaProjects/movies/movies-adapter/build/classes/test/com/susu/movies/acceptance/common/StoryContext$Fields.class], file [/Users/Susana/IdeaProjects/movies/movies-adapter/build/classes/test/com/susu/movies/acceptance/common/StoryContext.class], file [/Users/Susana/IdeaProjects/movies/movies-adapter/build/classes/test/com/susu/movies/acceptance/CommonSteps$_run_closure1.class], file [/Users/Susana/IdeaProjects/movies/movies-adapter/build/classes/test/com/susu/movies/acceptance/CommonSteps$_run_closure2.class], file [/Users/Susana/IdeaProjects/movies/movies-adapter/build/classes/test/com/susu/movies/acceptance/CommonSteps$_run_closure3.class], file [/Users/Susana/IdeaProjects/movies/movies-adapter/build/classes/test/com/susu/movies/acceptance/CommonSteps$_run_closure4.class], file [/Users/Susana/IdeaProjects/movies/movies-adapter/build/classes/test/com/susu/movies/acceptance/CommonSteps.class], file [/Users/Susana/IdeaProjects/movies/movies-adapter/build/classes/test/com/susu/movies/acceptance/SearchMoviesSteps$_buildSearchMoviesRequest_closure2.class], file [/Users/Susana/IdeaProjects/movies/movies-adapter/build/classes/test/com/susu/movies/acceptance/SearchMoviesSteps$_run_closure1.class], file [/Users/Susana/IdeaProjects/movies/movies-adapter/build/classes/test/com/susu/movies/acceptance/SearchMoviesSteps.class], file [/Users/Susana/IdeaProjects/movies/movies-adapter/build/classes/test/com/susu/movies/acceptance/StatusSteps$_run_closure1.class], file [/Users/Susana/IdeaProjects/movies/movies-adapter/build/classes/test/com/susu/movies/acceptance/StatusSteps$_run_closure2.class], file [/Users/Susana/IdeaProjects/movies/movies-adapter/build/classes/test/com/susu/movies/acceptance/StatusSteps$_run_closure3.class], file [/Users/Susana/IdeaProjects/movies/movies-adapter/build/classes/test/com/susu/movies/acceptance/StatusSteps$_run_closure4.class], file [/Users/Susana/IdeaProjects/movies/movies-adapter/build/classes/test/com/susu/movies/acceptance/StatusSteps$_run_closure5.class], file [/Users/Susana/IdeaProjects/movies/movies-adapter/build/classes/test/com/susu/movies/acceptance/StatusSteps$_run_closure6.class], file [/Users/Susana/IdeaProjects/movies/movies-adapter/build/classes/test/com/susu/movies/acceptance/StatusSteps.class], file [/Users/Susana/IdeaProjects/movies/movies-adapter/build/classes/test/com/susu/movies/integration/IntegrationTestConfiguration.class], file [/Users/Susana/IdeaProjects/movies/movies-adapter/build/classes/test/com/susu/movies/integration/SearchMoviesIntegrationTest.class], file [/Users/Susana/IdeaProjects/movies/movies-adapter/build/classes/test/com/susu/movies/search/adapter/DefaultSearchMoviesAdapterTest$_$spock_feature_0_1_closure1.class], file [/Users/Susana/IdeaProjects/movies/movies-adapter/build/classes/test/com/susu/movies/search/adapter/DefaultSearchMoviesAdapterTest$__spock_feature_0_1_closure1.class], file [/Users/Susana/IdeaProjects/movies/movies-adapter/build/classes/test/com/susu/movies/search/adapter/DefaultSearchMoviesAdapterTest.class], file [/Users/Susana/IdeaProjects/movies/movies-adapter/build/classes/test/com/susu/movies/search/adapter/SearchMoviesUrlBuilderTest.class], file [/Users/Susana/IdeaProjects/movies/movies-adapter/build/classes/test/com/susu/movies/search/SearchMoviesControllerTest$_$spock_feature_0_0_closure1.class], file [/Users/Susana/IdeaProjects/movies/movies-adapter/build/classes/test/com/susu/movies/search/SearchMoviesControllerTest$_$spock_feature_0_0prov2_closure2.class], file [/Users/Susana/IdeaProjects/movies/movies-adapter/build/classes/test/com/susu/movies/search/SearchMoviesControllerTest$_$spock_feature_0_0prov2_closure3.class], file [/Users/Susana/IdeaProjects/movies/movies-adapter/build/classes/test/com/susu/movies/search/SearchMoviesControllerTest$_$spock_feature_0_0prov2_closure4.class], file [/Users/Susana/IdeaProjects/movies/movies-adapter/build/classes/test/com/susu/movies/search/SearchMoviesControllerTest$_$spock_feature_0_0prov2_closure5.class], file [/Users/Susana/IdeaProjects/movies/movies-adapter/build/classes/test/com/susu/movies/search/SearchMoviesControllerTest$__spock_feature_0_0_closure1.class], file [/Users/Susana/IdeaProjects/movies/movies-adapter/build/classes/test/com/susu/movies/search/SearchMoviesControllerTest$__spock_feature_0_0prov2_closure2.class], file [/Users/Susana/IdeaProjects/movies/movies-adapter/build/classes/test/com/susu/movies/search/SearchMoviesControllerTest$__spock_feature_0_0prov2_closure3.class], file [/Users/Susana/IdeaProjects/movies/movies-adapter/build/classes/test/com/susu/movies/search/SearchMoviesControllerTest$__spock_feature_0_0prov2_closure4.class], file [/Users/Susana/IdeaProjects/movies/movies-adapter/build/classes/test/com/susu/movies/search/SearchMoviesControllerTest$__spock_feature_0_0prov2_closure5.class], file [/Users/Susana/IdeaProjects/movies/movies-adapter/build/classes/test/com/susu/movies/search/SearchMoviesControllerTest.class], file [/Users/Susana/IdeaProjects/movies/movies-adapter/build/classes/main/com/susu/movies/Application.class], file [/Users/Susana/IdeaProjects/movies/movies-adapter/build/classes/main/com/susu/movies/ApplicationConfiguration.class], file [/Users/Susana/IdeaProjects/movies/movies-adapter/build/classes/main/com/susu/movies/model/SearchMoviesRequest.class], file [/Users/Susana/IdeaProjects/movies/movies-adapter/build/classes/main/com/susu/movies/MoviesProperties.class], file [/Users/Susana/IdeaProjects/movies/movies-adapter/build/classes/main/com/susu/movies/search/adapter/DefaultSearchMoviesAdapter.class], file [/Users/Susana/IdeaProjects/movies/movies-adapter/build/classes/main/com/susu/movies/search/adapter/MockSearchSearchMoviesAdapter.class], file [/Users/Susana/IdeaProjects/movies/movies-adapter/build/classes/main/com/susu/movies/search/adapter/SearchMoviesAdapter.class], file [/Users/Susana/IdeaProjects/movies/movies-adapter/build/classes/main/com/susu/movies/search/adapter/SearchMoviesClient.class], file [/Users/Susana/IdeaProjects/movies/movies-adapter/build/classes/main/com/susu/movies/search/adapter/SearchMoviesException.class], file [/Users/Susana/IdeaProjects/movies/movies-adapter/build/classes/main/com/susu/movies/search/adapter/SearchMoviesUrlBuilder.class], file [/Users/Susana/IdeaProjects/movies/movies-adapter/build/classes/main/com/susu/movies/search/SearchMoviesController.class], file [/Users/Susana/IdeaProjects/movies/movies-adapter/build/classes/main/com/susu/movies/status/Status.class], file [/Users/Susana/IdeaProjects/movies/movies-adapter/build/classes/main/com/susu/movies/status/StatusController.class], URL [jar:file:/Users/Susana/IdeaProjects/movies/movies-model/build/libs/movies-model-master-SNAPSHOT.jar!/com/susu/movies/Movie.class], URL [jar:file:/Users/Susana/IdeaProjects/movies/movies-model/build/libs/movies-model-master-SNAPSHOT.jar!/com/susu/movies/SearchMoviesResponse.class]]
15:50:15.065 [Test worker] DEBUG o.s.c.a.ClassPathBeanDefinitionScanner - Identified candidate component class: file [/Users/Susana/IdeaProjects/movies/movies-adapter/build/classes/main/com/susu/movies/ApplicationConfiguration.class]
15:50:15.069 [Test worker] DEBUG o.s.c.a.ClassPathBeanDefinitionScanner - Identified candidate component class: file [/Users/Susana/IdeaProjects/movies/movies-adapter/build/classes/main/com/susu/movies/MoviesProperties.class]
15:50:15.070 [Test worker] DEBUG o.s.c.e.PropertySourcesPropertyResolver - Searching for key 'spring.profiles.active' in [systemProperties]
15:50:15.070 [Test worker] DEBUG o.s.c.e.PropertySourcesPropertyResolver - Searching for key 'spring.profiles.active' in [systemEnvironment]
15:50:15.071 [Test worker] DEBUG o.s.c.e.PropertySourcesPropertyResolver - Searching for key 'spring.profiles.active' in [class path resource [application-test.properties]]
15:50:15.071 [Test worker] DEBUG o.s.c.e.PropertySourcesPropertyResolver - Could not find key 'spring.profiles.active' in any property source. Returning [null]
15:50:15.071 [Test worker] DEBUG o.s.c.e.PropertySourcesPropertyResolver - Searching for key 'spring.profiles.active' in [systemProperties]
15:50:15.071 [Test worker] DEBUG o.s.c.e.PropertySourcesPropertyResolver - Searching for key 'spring.profiles.active' in [systemEnvironment]
15:50:15.071 [Test worker] DEBUG o.s.c.e.PropertySourcesPropertyResolver - Searching for key 'spring.profiles.active' in [class path resource [application-test.properties]]
15:50:15.071 [Test worker] DEBUG o.s.c.e.PropertySourcesPropertyResolver - Could not find key 'spring.profiles.active' in any property source. Returning [null]
15:50:15.071 [Test worker] DEBUG o.s.c.e.PropertySourcesPropertyResolver - Searching for key 'spring.profiles.default' in [systemProperties]
15:50:15.071 [Test worker] DEBUG o.s.c.e.PropertySourcesPropertyResolver - Searching for key 'spring.profiles.default' in [systemEnvironment]
15:50:15.071 [Test worker] DEBUG o.s.c.e.PropertySourcesPropertyResolver - Searching for key 'spring.profiles.default' in [class path resource [application-test.properties]]
15:50:15.072 [Test worker] DEBUG o.s.c.e.PropertySourcesPropertyResolver - Could not find key 'spring.profiles.default' in any property source. Returning [null]
15:50:15.072 [Test worker] DEBUG o.s.c.a.ClassPathBeanDefinitionScanner - Identified candidate component class: file [/Users/Susana/IdeaProjects/movies/movies-adapter/build/classes/main/com/susu/movies/search/adapter/DefaultSearchMoviesAdapter.class]
15:50:15.072 [Test worker] DEBUG o.s.c.e.PropertySourcesPropertyResolver - Searching for key 'spring.profiles.active' in [systemProperties]
15:50:15.073 [Test worker] DEBUG o.s.c.e.PropertySourcesPropertyResolver - Searching for key 'spring.profiles.active' in [systemEnvironment]
15:50:15.073 [Test worker] DEBUG o.s.c.e.PropertySourcesPropertyResolver - Searching for key 'spring.profiles.active' in [class path resource [application-test.properties]]
15:50:15.073 [Test worker] DEBUG o.s.c.e.PropertySourcesPropertyResolver - Could not find key 'spring.profiles.active' in any property source. Returning [null]
15:50:15.073 [Test worker] DEBUG o.s.c.e.PropertySourcesPropertyResolver - Searching for key 'spring.profiles.active' in [systemProperties]
15:50:15.073 [Test worker] DEBUG o.s.c.e.PropertySourcesPropertyResolver - Searching for key 'spring.profiles.active' in [systemEnvironment]
15:50:15.073 [Test worker] DEBUG o.s.c.e.PropertySourcesPropertyResolver - Searching for key 'spring.profiles.active' in [class path resource [application-test.properties]]
15:50:15.073 [Test worker] DEBUG o.s.c.e.PropertySourcesPropertyResolver - Could not find key 'spring.profiles.active' in any property source. Returning [null]
15:50:15.073 [Test worker] DEBUG o.s.c.e.PropertySourcesPropertyResolver - Searching for key 'spring.profiles.default' in [systemProperties]
15:50:15.073 [Test worker] DEBUG o.s.c.e.PropertySourcesPropertyResolver - Searching for key 'spring.profiles.default' in [systemEnvironment]
15:50:15.073 [Test worker] DEBUG o.s.c.e.PropertySourcesPropertyResolver - Searching for key 'spring.profiles.default' in [class path resource [application-test.properties]]
15:50:15.073 [Test worker] DEBUG o.s.c.e.PropertySourcesPropertyResolver - Could not find key 'spring.profiles.default' in any property source. Returning [null]
15:50:15.076 [Test worker] DEBUG o.s.c.a.ClassPathBeanDefinitionScanner - Identified candidate component class: file [/Users/Susana/IdeaProjects/movies/movies-adapter/build/classes/main/com/susu/movies/search/adapter/SearchMoviesClient.class]
15:50:15.077 [Test worker] DEBUG o.s.c.a.ClassPathBeanDefinitionScanner - Identified candidate component class: file [/Users/Susana/IdeaProjects/movies/movies-adapter/build/classes/main/com/susu/movies/search/adapter/SearchMoviesUrlBuilder.class]
15:50:15.083 [Test worker] DEBUG o.s.c.a.ClassPathBeanDefinitionScanner - Identified candidate component class: file [/Users/Susana/IdeaProjects/movies/movies-adapter/build/classes/main/com/susu/movies/search/SearchMoviesController.class]
15:50:15.084 [Test worker] DEBUG o.s.c.a.ClassPathBeanDefinitionScanner - Identified candidate component class: file [/Users/Susana/IdeaProjects/movies/movies-adapter/build/classes/main/com/susu/movies/status/StatusController.class]
15:50:15.090 [Test worker] DEBUG o.s.c.i.s.PathMatchingResourcePatternResolver - Looking for matching resources in directory tree [/Users/Susana/IdeaProjects/movies/movies-adapter/build/classes/main/platform]
15:50:15.090 [Test worker] DEBUG o.s.c.i.s.PathMatchingResourcePatternResolver - Searching directory [/Users/Susana/IdeaProjects/movies/movies-adapter/build/classes/main/platform] for files matching pattern [/Users/Susana/IdeaProjects/movies/movies-adapter/build/classes/main/platform/**/*.class]
15:50:15.090 [Test worker] DEBUG o.s.c.i.s.PathMatchingResourcePatternResolver - Resolved location pattern [classpath*:platform/**/*.class] to resources [file [/Users/Susana/IdeaProjects/movies/movies-adapter/build/classes/main/platform/PlatformConfiguration$1$2.class], file [/Users/Susana/IdeaProjects/movies/movies-adapter/build/classes/main/platform/PlatformConfiguration$1.class], file [/Users/Susana/IdeaProjects/movies/movies-adapter/build/classes/main/platform/PlatformConfiguration.class], file [/Users/Susana/IdeaProjects/movies/movies-adapter/build/classes/main/platform/WebConfiguration.class]]
15:50:15.092 [Test worker] DEBUG o.s.c.a.ClassPathBeanDefinitionScanner - Identified candidate component class: file [/Users/Susana/IdeaProjects/movies/movies-adapter/build/classes/main/platform/PlatformConfiguration.class]
15:50:15.092 [Test worker] DEBUG o.s.c.a.ClassPathBeanDefinitionScanner - Identified candidate component class: file [/Users/Susana/IdeaProjects/movies/movies-adapter/build/classes/main/platform/WebConfiguration.class]
15:50:15.118 [Test worker] DEBUG o.s.c.e.PropertySourcesPropertyResolver - Searching for key 'spring.profiles.active' in [systemProperties]
15:50:15.118 [Test worker] DEBUG o.s.c.e.PropertySourcesPropertyResolver - Searching for key 'spring.profiles.active' in [systemEnvironment]
15:50:15.118 [Test worker] DEBUG o.s.c.e.PropertySourcesPropertyResolver - Searching for key 'spring.profiles.active' in [class path resource [application-test.properties]]
15:50:15.119 [Test worker] DEBUG o.s.c.e.PropertySourcesPropertyResolver - Could not find key 'spring.profiles.active' in any property source. Returning [null]
15:50:15.119 [Test worker] DEBUG o.s.c.e.PropertySourcesPropertyResolver - Searching for key 'spring.profiles.active' in [systemProperties]
15:50:15.119 [Test worker] DEBUG o.s.c.e.PropertySourcesPropertyResolver - Searching for key 'spring.profiles.active' in [systemEnvironment]
15:50:15.119 [Test worker] DEBUG o.s.c.e.PropertySourcesPropertyResolver - Searching for key 'spring.profiles.active' in [class path resource [application-test.properties]]
15:50:15.119 [Test worker] DEBUG o.s.c.e.PropertySourcesPropertyResolver - Could not find key 'spring.profiles.active' in any property source. Returning [null]
15:50:15.119 [Test worker] DEBUG o.s.c.e.PropertySourcesPropertyResolver - Searching for key 'spring.profiles.default' in [systemProperties]
15:50:15.119 [Test worker] DEBUG o.s.c.e.PropertySourcesPropertyResolver - Searching for key 'spring.profiles.default' in [systemEnvironment]
15:50:15.119 [Test worker] DEBUG o.s.c.e.PropertySourcesPropertyResolver - Searching for key 'spring.profiles.default' in [class path resource [application-test.properties]]
15:50:15.119 [Test worker] DEBUG o.s.c.e.PropertySourcesPropertyResolver - Could not find key 'spring.profiles.default' in any property source. Returning [null]
15:50:15.141 [Test worker] DEBUG o.s.core.env.StandardEnvironment - Adding [systemProperties] PropertySource with lowest search precedence
15:50:15.142 [Test worker] DEBUG o.s.core.env.StandardEnvironment - Adding [systemEnvironment] PropertySource with lowest search precedence
15:50:15.142 [Test worker] DEBUG o.s.core.env.StandardEnvironment - Initialized StandardEnvironment with PropertySources [systemProperties,systemEnvironment]
15:50:15.142 [Test worker] DEBUG o.s.c.a.ClassPathBeanDefinitionScanner - JSR-250 'javax.annotation.ManagedBean' found and supported for component scanning
15:50:15.142 [Test worker] DEBUG o.s.c.a.ClassPathBeanDefinitionScanner - JSR-330 'javax.inject.Named' annotation found and supported for component scanning
15:50:15.142 [Test worker] DEBUG o.s.c.i.s.PathMatchingResourcePatternResolver - Looking for matching resources in directory tree [/Users/Susana/IdeaProjects/movies/movies-adapter/build/classes/test/com/susu/movies]
15:50:15.142 [Test worker] DEBUG o.s.c.i.s.PathMatchingResourcePatternResolver - Searching directory [/Users/Susana/IdeaProjects/movies/movies-adapter/build/classes/test/com/susu/movies] for files matching pattern [/Users/Susana/IdeaProjects/movies/movies-adapter/build/classes/test/com/susu/movies/**/*.class]
15:50:15.143 [Test worker] DEBUG o.s.c.i.s.PathMatchingResourcePatternResolver - Searching directory [/Users/Susana/IdeaProjects/movies/movies-adapter/build/classes/test/com/susu/movies/acceptance] for files matching pattern [/Users/Susana/IdeaProjects/movies/movies-adapter/build/classes/test/com/susu/movies/**/*.class]
15:50:15.143 [Test worker] DEBUG o.s.c.i.s.PathMatchingResourcePatternResolver - Searching directory [/Users/Susana/IdeaProjects/movies/movies-adapter/build/classes/test/com/susu/movies/acceptance/common] for files matching pattern [/Users/Susana/IdeaProjects/movies/movies-adapter/build/classes/test/com/susu/movies/**/*.class]
15:50:15.144 [Test worker] DEBUG o.s.c.i.s.PathMatchingResourcePatternResolver - Searching directory [/Users/Susana/IdeaProjects/movies/movies-adapter/build/classes/test/com/susu/movies/integration] for files matching pattern [/Users/Susana/IdeaProjects/movies/movies-adapter/build/classes/test/com/susu/movies/**/*.class]
15:50:15.144 [Test worker] DEBUG o.s.c.i.s.PathMatchingResourcePatternResolver - Searching directory [/Users/Susana/IdeaProjects/movies/movies-adapter/build/classes/test/com/susu/movies/search] for files matching pattern [/Users/Susana/IdeaProjects/movies/movies-adapter/build/classes/test/com/susu/movies/**/*.class]
15:50:15.144 [Test worker] DEBUG o.s.c.i.s.PathMatchingResourcePatternResolver - Searching directory [/Users/Susana/IdeaProjects/movies/movies-adapter/build/classes/test/com/susu/movies/search/adapter] for files matching pattern [/Users/Susana/IdeaProjects/movies/movies-adapter/build/classes/test/com/susu/movies/**/*.class]
15:50:15.145 [Test worker] DEBUG o.s.c.i.s.PathMatchingResourcePatternResolver - Looking for matching resources in directory tree [/Users/Susana/IdeaProjects/movies/movies-adapter/build/classes/main/com/susu/movies]
15:50:15.145 [Test worker] DEBUG o.s.c.i.s.PathMatchingResourcePatternResolver - Searching directory [/Users/Susana/IdeaProjects/movies/movies-adapter/build/classes/main/com/susu/movies] for files matching pattern [/Users/Susana/IdeaProjects/movies/movies-adapter/build/classes/main/com/susu/movies/**/*.class]
15:50:15.146 [Test worker] DEBUG o.s.c.i.s.PathMatchingResourcePatternResolver - Searching directory [/Users/Susana/IdeaProjects/movies/movies-adapter/build/classes/main/com/susu/movies/model] for files matching pattern [/Users/Susana/IdeaProjects/movies/movies-adapter/build/classes/main/com/susu/movies/**/*.class]
15:50:15.146 [Test worker] DEBUG o.s.c.i.s.PathMatchingResourcePatternResolver - Searching directory [/Users/Susana/IdeaProjects/movies/movies-adapter/build/classes/main/com/susu/movies/search] for files matching pattern [/Users/Susana/IdeaProjects/movies/movies-adapter/build/classes/main/com/susu/movies/**/*.class]
15:50:15.146 [Test worker] DEBUG o.s.c.i.s.PathMatchingResourcePatternResolver - Searching directory [/Users/Susana/IdeaProjects/movies/movies-adapter/build/classes/main/com/susu/movies/search/adapter] for files matching pattern [/Users/Susana/IdeaProjects/movies/movies-adapter/build/classes/main/com/susu/movies/**/*.class]
15:50:15.146 [Test worker] DEBUG o.s.c.i.s.PathMatchingResourcePatternResolver - Searching directory [/Users/Susana/IdeaProjects/movies/movies-adapter/build/classes/main/com/susu/movies/status] for files matching pattern [/Users/Susana/IdeaProjects/movies/movies-adapter/build/classes/main/com/susu/movies/**/*.class]
15:50:15.147 [Test worker] DEBUG o.s.c.i.s.PathMatchingResourcePatternResolver - Looking for matching resources in jar file [file:/Users/Susana/IdeaProjects/movies/movies-model/build/libs/movies-model-master-SNAPSHOT.jar]
15:50:15.147 [Test worker] DEBUG o.s.c.i.s.PathMatchingResourcePatternResolver - Resolved location pattern [classpath*:com/susu/movies/**/*.class] to resources [file [/Users/Susana/IdeaProjects/movies/movies-adapter/build/classes/test/com/susu/movies/acceptance/common/BaseApiClient.class], file [/Users/Susana/IdeaProjects/movies/movies-adapter/build/classes/test/com/susu/movies/acceptance/common/RestAssuredObjectMapperWrapper.class], file [/Users/Susana/IdeaProjects/movies/movies-adapter/build/classes/test/com/susu/movies/acceptance/common/StoryContext$Fields.class], file [/Users/Susana/IdeaProjects/movies/movies-adapter/build/classes/test/com/susu/movies/acceptance/common/StoryContext.class], file [/Users/Susana/IdeaProjects/movies/movies-adapter/build/classes/test/com/susu/movies/acceptance/CommonSteps$_run_closure1.class], file [/Users/Susana/IdeaProjects/movies/movies-adapter/build/classes/test/com/susu/movies/acceptance/CommonSteps$_run_closure2.class], file [/Users/Susana/IdeaProjects/movies/movies-adapter/build/classes/test/com/susu/movies/acceptance/CommonSteps$_run_closure3.class], file [/Users/Susana/IdeaProjects/movies/movies-adapter/build/classes/test/com/susu/movies/acceptance/CommonSteps$_run_closure4.class], file [/Users/Susana/IdeaProjects/movies/movies-adapter/build/classes/test/com/susu/movies/acceptance/CommonSteps.class], file [/Users/Susana/IdeaProjects/movies/movies-adapter/build/classes/test/com/susu/movies/acceptance/SearchMoviesSteps$_buildSearchMoviesRequest_closure2.class], file [/Users/Susana/IdeaProjects/movies/movies-adapter/build/classes/test/com/susu/movies/acceptance/SearchMoviesSteps$_run_closure1.class], file [/Users/Susana/IdeaProjects/movies/movies-adapter/build/classes/test/com/susu/movies/acceptance/SearchMoviesSteps.class], file [/Users/Susana/IdeaProjects/movies/movies-adapter/build/classes/test/com/susu/movies/acceptance/StatusSteps$_run_closure1.class], file [/Users/Susana/IdeaProjects/movies/movies-adapter/build/classes/test/com/susu/movies/acceptance/StatusSteps$_run_closure2.class], file [/Users/Susana/IdeaProjects/movies/movies-adapter/build/classes/test/com/susu/movies/acceptance/StatusSteps$_run_closure3.class], file [/Users/Susana/IdeaProjects/movies/movies-adapter/build/classes/test/com/susu/movies/acceptance/StatusSteps$_run_closure4.class], file [/Users/Susana/IdeaProjects/movies/movies-adapter/build/classes/test/com/susu/movies/acceptance/StatusSteps$_run_closure5.class], file [/Users/Susana/IdeaProjects/movies/movies-adapter/build/classes/test/com/susu/movies/acceptance/StatusSteps$_run_closure6.class], file [/Users/Susana/IdeaProjects/movies/movies-adapter/build/classes/test/com/susu/movies/acceptance/StatusSteps.class], file [/Users/Susana/IdeaProjects/movies/movies-adapter/build/classes/test/com/susu/movies/integration/IntegrationTestConfiguration.class], file [/Users/Susana/IdeaProjects/movies/movies-adapter/build/classes/test/com/susu/movies/integration/SearchMoviesIntegrationTest.class], file [/Users/Susana/IdeaProjects/movies/movies-adapter/build/classes/test/com/susu/movies/search/adapter/DefaultSearchMoviesAdapterTest$_$spock_feature_0_1_closure1.class], file [/Users/Susana/IdeaProjects/movies/movies-adapter/build/classes/test/com/susu/movies/search/adapter/DefaultSearchMoviesAdapterTest$__spock_feature_0_1_closure1.class], file [/Users/Susana/IdeaProjects/movies/movies-adapter/build/classes/test/com/susu/movies/search/adapter/DefaultSearchMoviesAdapterTest.class], file [/Users/Susana/IdeaProjects/movies/movies-adapter/build/classes/test/com/susu/movies/search/adapter/SearchMoviesUrlBuilderTest.class], file [/Users/Susana/IdeaProjects/movies/movies-adapter/build/classes/test/com/susu/movies/search/SearchMoviesControllerTest$_$spock_feature_0_0_closure1.class], file [/Users/Susana/IdeaProjects/movies/movies-adapter/build/classes/test/com/susu/movies/search/SearchMoviesControllerTest$_$spock_feature_0_0prov2_closure2.class], file [/Users/Susana/IdeaProjects/movies/movies-adapter/build/classes/test/com/susu/movies/search/SearchMoviesControllerTest$_$spock_feature_0_0prov2_closure3.class], file [/Users/Susana/IdeaProjects/movies/movies-adapter/build/classes/test/com/susu/movies/search/SearchMoviesControllerTest$_$spock_feature_0_0prov2_closure4.class], file [/Users/Susana/IdeaProjects/movies/movies-adapter/build/classes/test/com/susu/movies/search/SearchMoviesControllerTest$_$spock_feature_0_0prov2_closure5.class], file [/Users/Susana/IdeaProjects/movies/movies-adapter/build/classes/test/com/susu/movies/search/SearchMoviesControllerTest$__spock_feature_0_0_closure1.class], file [/Users/Susana/IdeaProjects/movies/movies-adapter/build/classes/test/com/susu/movies/search/SearchMoviesControllerTest$__spock_feature_0_0prov2_closure2.class], file [/Users/Susana/IdeaProjects/movies/movies-adapter/build/classes/test/com/susu/movies/search/SearchMoviesControllerTest$__spock_feature_0_0prov2_closure3.class], file [/Users/Susana/IdeaProjects/movies/movies-adapter/build/classes/test/com/susu/movies/search/SearchMoviesControllerTest$__spock_feature_0_0prov2_closure4.class], file [/Users/Susana/IdeaProjects/movies/movies-adapter/build/classes/test/com/susu/movies/search/SearchMoviesControllerTest$__spock_feature_0_0prov2_closure5.class], file [/Users/Susana/IdeaProjects/movies/movies-adapter/build/classes/test/com/susu/movies/search/SearchMoviesControllerTest.class], file [/Users/Susana/IdeaProjects/movies/movies-adapter/build/classes/main/com/susu/movies/Application.class], file [/Users/Susana/IdeaProjects/movies/movies-adapter/build/classes/main/com/susu/movies/ApplicationConfiguration.class], file [/Users/Susana/IdeaProjects/movies/movies-adapter/build/classes/main/com/susu/movies/model/SearchMoviesRequest.class], file [/Users/Susana/IdeaProjects/movies/movies-adapter/build/classes/main/com/susu/movies/MoviesProperties.class], file [/Users/Susana/IdeaProjects/movies/movies-adapter/build/classes/main/com/susu/movies/search/adapter/DefaultSearchMoviesAdapter.class], file [/Users/Susana/IdeaProjects/movies/movies-adapter/build/classes/main/com/susu/movies/search/adapter/MockSearchSearchMoviesAdapter.class], file [/Users/Susana/IdeaProjects/movies/movies-adapter/build/classes/main/com/susu/movies/search/adapter/SearchMoviesAdapter.class], file [/Users/Susana/IdeaProjects/movies/movies-adapter/build/classes/main/com/susu/movies/search/adapter/SearchMoviesClient.class], file [/Users/Susana/IdeaProjects/movies/movies-adapter/build/classes/main/com/susu/movies/search/adapter/SearchMoviesException.class], file [/Users/Susana/IdeaProjects/movies/movies-adapter/build/classes/main/com/susu/movies/search/adapter/SearchMoviesUrlBuilder.class], file [/Users/Susana/IdeaProjects/movies/movies-adapter/build/classes/main/com/susu/movies/search/SearchMoviesController.class], file [/Users/Susana/IdeaProjects/movies/movies-adapter/build/classes/main/com/susu/movies/status/Status.class], file [/Users/Susana/IdeaProjects/movies/movies-adapter/build/classes/main/com/susu/movies/status/StatusController.class], URL [jar:file:/Users/Susana/IdeaProjects/movies/movies-model/build/libs/movies-model-master-SNAPSHOT.jar!/com/susu/movies/Movie.class], URL [jar:file:/Users/Susana/IdeaProjects/movies/movies-model/build/libs/movies-model-master-SNAPSHOT.jar!/com/susu/movies/SearchMoviesResponse.class]]
15:50:15.150 [Test worker] DEBUG o.s.c.a.ClassPathBeanDefinitionScanner - Identified candidate component class: file [/Users/Susana/IdeaProjects/movies/movies-adapter/build/classes/test/com/susu/movies/integration/IntegrationTestConfiguration.class]
15:50:15.153 [Test worker] DEBUG o.s.c.a.ClassPathBeanDefinitionScanner - Identified candidate component class: file [/Users/Susana/IdeaProjects/movies/movies-adapter/build/classes/main/com/susu/movies/ApplicationConfiguration.class]
15:50:15.154 [Test worker] DEBUG o.s.c.a.ClassPathBeanDefinitionScanner - Identified candidate component class: file [/Users/Susana/IdeaProjects/movies/movies-adapter/build/classes/main/com/susu/movies/MoviesProperties.class]
15:50:15.155 [Test worker] DEBUG o.s.c.e.PropertySourcesPropertyResolver - Searching for key 'spring.profiles.active' in [systemProperties]
15:50:15.155 [Test worker] DEBUG o.s.c.e.PropertySourcesPropertyResolver - Searching for key 'spring.profiles.active' in [systemEnvironment]
15:50:15.155 [Test worker] DEBUG o.s.c.e.PropertySourcesPropertyResolver - Searching for key 'spring.profiles.active' in [class path resource [application-test.properties]]
15:50:15.155 [Test worker] DEBUG o.s.c.e.PropertySourcesPropertyResolver - Could not find key 'spring.profiles.active' in any property source. Returning [null]
15:50:15.155 [Test worker] DEBUG o.s.c.e.PropertySourcesPropertyResolver - Searching for key 'spring.profiles.active' in [systemProperties]
15:50:15.155 [Test worker] DEBUG o.s.c.e.PropertySourcesPropertyResolver - Searching for key 'spring.profiles.active' in [systemEnvironment]
15:50:15.155 [Test worker] DEBUG o.s.c.e.PropertySourcesPropertyResolver - Searching for key 'spring.profiles.active' in [class path resource [application-test.properties]]
15:50:15.155 [Test worker] DEBUG o.s.c.e.PropertySourcesPropertyResolver - Could not find key 'spring.profiles.active' in any property source. Returning [null]
15:50:15.155 [Test worker] DEBUG o.s.c.e.PropertySourcesPropertyResolver - Searching for key 'spring.profiles.default' in [systemProperties]
15:50:15.155 [Test worker] DEBUG o.s.c.e.PropertySourcesPropertyResolver - Searching for key 'spring.profiles.default' in [systemEnvironment]
15:50:15.156 [Test worker] DEBUG o.s.c.e.PropertySourcesPropertyResolver - Searching for key 'spring.profiles.default' in [class path resource [application-test.properties]]
15:50:15.156 [Test worker] DEBUG o.s.c.e.PropertySourcesPropertyResolver - Could not find key 'spring.profiles.default' in any property source. Returning [null]
15:50:15.156 [Test worker] DEBUG o.s.c.a.ClassPathBeanDefinitionScanner - Identified candidate component class: file [/Users/Susana/IdeaProjects/movies/movies-adapter/build/classes/main/com/susu/movies/search/adapter/DefaultSearchMoviesAdapter.class]
15:50:15.156 [Test worker] DEBUG o.s.c.e.PropertySourcesPropertyResolver - Searching for key 'spring.profiles.active' in [systemProperties]
15:50:15.156 [Test worker] DEBUG o.s.c.e.PropertySourcesPropertyResolver - Searching for key 'spring.profiles.active' in [systemEnvironment]
15:50:15.156 [Test worker] DEBUG o.s.c.e.PropertySourcesPropertyResolver - Searching for key 'spring.profiles.active' in [class path resource [application-test.properties]]
15:50:15.157 [Test worker] DEBUG o.s.c.e.PropertySourcesPropertyResolver - Could not find key 'spring.profiles.active' in any property source. Returning [null]
15:50:15.157 [Test worker] DEBUG o.s.c.e.PropertySourcesPropertyResolver - Searching for key 'spring.profiles.active' in [systemProperties]
15:50:15.157 [Test worker] DEBUG o.s.c.e.PropertySourcesPropertyResolver - Searching for key 'spring.profiles.active' in [systemEnvironment]
15:50:15.157 [Test worker] DEBUG o.s.c.e.PropertySourcesPropertyResolver - Searching for key 'spring.profiles.active' in [class path resource [application-test.properties]]
15:50:15.157 [Test worker] DEBUG o.s.c.e.PropertySourcesPropertyResolver - Could not find key 'spring.profiles.active' in any property source. Returning [null]
15:50:15.157 [Test worker] DEBUG o.s.c.e.PropertySourcesPropertyResolver - Searching for key 'spring.profiles.default' in [systemProperties]
15:50:15.157 [Test worker] DEBUG o.s.c.e.PropertySourcesPropertyResolver - Searching for key 'spring.profiles.default' in [systemEnvironment]
15:50:15.157 [Test worker] DEBUG o.s.c.e.PropertySourcesPropertyResolver - Searching for key 'spring.profiles.default' in [class path resource [application-test.properties]]
15:50:15.157 [Test worker] DEBUG o.s.c.e.PropertySourcesPropertyResolver - Could not find key 'spring.profiles.default' in any property source. Returning [null]
15:50:15.158 [Test worker] DEBUG o.s.c.a.ClassPathBeanDefinitionScanner - Identified candidate component class: file [/Users/Susana/IdeaProjects/movies/movies-adapter/build/classes/main/com/susu/movies/search/adapter/SearchMoviesClient.class]
15:50:15.158 [Test worker] DEBUG o.s.c.a.ClassPathBeanDefinitionScanner - Identified candidate component class: file [/Users/Susana/IdeaProjects/movies/movies-adapter/build/classes/main/com/susu/movies/search/adapter/SearchMoviesUrlBuilder.class]
15:50:15.159 [Test worker] DEBUG o.s.c.a.ClassPathBeanDefinitionScanner - Identified candidate component class: file [/Users/Susana/IdeaProjects/movies/movies-adapter/build/classes/main/com/susu/movies/search/SearchMoviesController.class]
15:50:15.160 [Test worker] DEBUG o.s.c.a.ClassPathBeanDefinitionScanner - Identified candidate component class: file [/Users/Susana/IdeaProjects/movies/movies-adapter/build/classes/main/com/susu/movies/status/StatusController.class]
15:50:15.162 [Test worker] DEBUG o.s.c.i.s.PathMatchingResourcePatternResolver - Looking for matching resources in directory tree [/Users/Susana/IdeaProjects/movies/movies-adapter/build/classes/main/platform]
15:50:15.163 [Test worker] DEBUG o.s.c.i.s.PathMatchingResourcePatternResolver - Searching directory [/Users/Susana/IdeaProjects/movies/movies-adapter/build/classes/main/platform] for files matching pattern [/Users/Susana/IdeaProjects/movies/movies-adapter/build/classes/main/platform/**/*.class]
15:50:15.163 [Test worker] DEBUG o.s.c.i.s.PathMatchingResourcePatternResolver - Resolved location pattern [classpath*:platform/**/*.class] to resources [file [/Users/Susana/IdeaProjects/movies/movies-adapter/build/classes/main/platform/PlatformConfiguration$1$2.class], file [/Users/Susana/IdeaProjects/movies/movies-adapter/build/classes/main/platform/PlatformConfiguration$1.class], file [/Users/Susana/IdeaProjects/movies/movies-adapter/build/classes/main/platform/PlatformConfiguration.class], file [/Users/Susana/IdeaProjects/movies/movies-adapter/build/classes/main/platform/WebConfiguration.class]]
15:50:15.164 [Test worker] DEBUG o.s.c.a.ClassPathBeanDefinitionScanner - Identified candidate component class: file [/Users/Susana/IdeaProjects/movies/movies-adapter/build/classes/main/platform/PlatformConfiguration.class]
15:50:15.164 [Test worker] DEBUG o.s.c.a.ClassPathBeanDefinitionScanner - Identified candidate component class: file [/Users/Susana/IdeaProjects/movies/movies-adapter/build/classes/main/platform/WebConfiguration.class]
15:50:15.203 [Test worker] DEBUG o.s.c.t.c.AnnotationAttributesReadingVisitor - Failed to class-load type while reading annotation metadata. This is a non-fatal error, but certain annotation metadata may be unavailable.
java.lang.ClassNotFoundException: org.springframework.data.web.config.EnableSpringDataWebSupport
	at java.net.URLClassLoader.findClass(URLClassLoader.java:381) ~[na:1.8.0_45]
	at java.lang.ClassLoader.loadClass(ClassLoader.java:424) ~[na:1.8.0_45]
	at sun.misc.Launcher$AppClassLoader.loadClass(Launcher.java:331) ~[na:1.8.0_45]
	at java.lang.ClassLoader.loadClass(ClassLoader.java:357) ~[na:1.8.0_45]
	at org.springframework.core.type.classreading.RecursiveAnnotationAttributesVisitor.visitEnd(RecursiveAnnotationAttributesVisitor.java:47) ~[spring-core-4.1.6.RELEASE.jar:4.1.6.RELEASE]
	at org.springframework.asm.ClassReader.readAnnotationValues(ClassReader.java:1802) [spring-core-4.1.6.RELEASE.jar:4.1.6.RELEASE]
	at org.springframework.asm.ClassReader.accept(ClassReader.java:642) [spring-core-4.1.6.RELEASE.jar:4.1.6.RELEASE]
	at org.springframework.asm.ClassReader.accept(ClassReader.java:508) [spring-core-4.1.6.RELEASE.jar:4.1.6.RELEASE]
	at org.springframework.core.type.classreading.SimpleMetadataReader.<init>(SimpleMetadataReader.java:64) [spring-core-4.1.6.RELEASE.jar:4.1.6.RELEASE]
	at org.springframework.core.type.classreading.SimpleMetadataReaderFactory.getMetadataReader(SimpleMetadataReaderFactory.java:98) [spring-core-4.1.6.RELEASE.jar:4.1.6.RELEASE]
	at org.springframework.core.type.classreading.CachingMetadataReaderFactory.getMetadataReader(CachingMetadataReaderFactory.java:102) [spring-core-4.1.6.RELEASE.jar:4.1.6.RELEASE]
	at org.springframework.core.type.classreading.SimpleMetadataReaderFactory.getMetadataReader(SimpleMetadataReaderFactory.java:93) [spring-core-4.1.6.RELEASE.jar:4.1.6.RELEASE]
	at org.springframework.boot.autoconfigure.AutoConfigurationSorter$AutoConfigurationClasses.<init>(AutoConfigurationSorter.java:112) [spring-boot-autoconfigure-1.2.3.RELEASE.jar:1.2.3.RELEASE]
	at org.springframework.boot.autoconfigure.AutoConfigurationSorter.getInPriorityOrder(AutoConfigurationSorter.java:57) [spring-boot-autoconfigure-1.2.3.RELEASE.jar:1.2.3.RELEASE]
	at org.springframework.boot.autoconfigure.EnableAutoConfigurationImportSelector.selectImports(EnableAutoConfigurationImportSelector.java:72) [spring-boot-autoconfigure-1.2.3.RELEASE.jar:1.2.3.RELEASE]
	at org.springframework.context.annotation.ConfigurationClassParser.processDeferredImportSelectors(ConfigurationClassParser.java:429) [spring-context-4.1.6.RELEASE.jar:4.1.6.RELEASE]
	at org.springframework.context.annotation.ConfigurationClassParser.parse(ConfigurationClassParser.java:183) [spring-context-4.1.6.RELEASE.jar:4.1.6.RELEASE]
	at org.springframework.context.annotation.ConfigurationClassPostProcessor.processConfigBeanDefinitions(ConfigurationClassPostProcessor.java:306) [spring-context-4.1.6.RELEASE.jar:4.1.6.RELEASE]
	at org.springframework.context.annotation.ConfigurationClassPostProcessor.postProcessBeanDefinitionRegistry(ConfigurationClassPostProcessor.java:239) [spring-context-4.1.6.RELEASE.jar:4.1.6.RELEASE]
	at org.springframework.context.support.PostProcessorRegistrationDelegate.invokeBeanDefinitionRegistryPostProcessors(PostProcessorRegistrationDelegate.java:254) [spring-context-4.1.6.RELEASE.jar:4.1.6.RELEASE]
	at org.springframework.context.support.PostProcessorRegistrationDelegate.invokeBeanFactoryPostProcessors(PostProcessorRegistrationDelegate.java:94) [spring-context-4.1.6.RELEASE.jar:4.1.6.RELEASE]
	at org.springframework.context.support.AbstractApplicationContext.invokeBeanFactoryPostProcessors(AbstractApplicationContext.java:606) [spring-context-4.1.6.RELEASE.jar:4.1.6.RELEASE]
	at org.springframework.context.support.AbstractApplicationContext.refresh(AbstractApplicationContext.java:462) [spring-context-4.1.6.RELEASE.jar:4.1.6.RELEASE]
	at org.springframework.test.context.support.AbstractGenericContextLoader.loadContext(AbstractGenericContextLoader.java:125) [spring-test-4.1.6.RELEASE.jar:4.1.6.RELEASE]
	at org.springframework.test.context.support.AbstractGenericContextLoader.loadContext(AbstractGenericContextLoader.java:60) [spring-test-4.1.6.RELEASE.jar:4.1.6.RELEASE]
	at org.springframework.test.context.support.AbstractDelegatingSmartContextLoader.delegateLoading(AbstractDelegatingSmartContextLoader.java:109) [spring-test-4.1.6.RELEASE.jar:4.1.6.RELEASE]
	at org.springframework.test.context.support.AbstractDelegatingSmartContextLoader.loadContext(AbstractDelegatingSmartContextLoader.java:261) [spring-test-4.1.6.RELEASE.jar:4.1.6.RELEASE]
	at org.springframework.test.context.DefaultCacheAwareContextLoaderDelegate.loadContextInternal(DefaultCacheAwareContextLoaderDelegate.java:68) [spring-test-4.1.6.RELEASE.jar:4.1.6.RELEASE]
	at org.springframework.test.context.DefaultCacheAwareContextLoaderDelegate.loadContext(DefaultCacheAwareContextLoaderDelegate.java:86) [spring-test-4.1.6.RELEASE.jar:4.1.6.RELEASE]
	at org.springframework.test.context.DefaultTestContext.getApplicationContext(DefaultTestContext.java:72) [spring-test-4.1.6.RELEASE.jar:4.1.6.RELEASE]
	at org.springframework.test.context.support.DependencyInjectionTestExecutionListener.injectDependencies(DependencyInjectionTestExecutionListener.java:117) [spring-test-4.1.6.RELEASE.jar:4.1.6.RELEASE]
	at org.springframework.test.context.support.DependencyInjectionTestExecutionListener.prepareTestInstance(DependencyInjectionTestExecutionListener.java:83) [spring-test-4.1.6.RELEASE.jar:4.1.6.RELEASE]
	at org.springframework.test.context.TestContextManager.prepareTestInstance(TestContextManager.java:212) [spring-test-4.1.6.RELEASE.jar:4.1.6.RELEASE]
	at org.spockframework.spring.SpringTestContextManager.prepareTestInstance(SpringTestContextManager.java:49) [spock-spring-0.7-groovy-2.0.jar:na]
	at org.spockframework.spring.SpringInterceptor.interceptSetupMethod(SpringInterceptor.java:42) [spock-spring-0.7-groovy-2.0.jar:na]
	at org.spockframework.runtime.extension.AbstractMethodInterceptor.intercept(AbstractMethodInterceptor.java:28) [spock-core-0.7-groovy-2.0.jar:na]
	at org.spockframework.runtime.extension.MethodInvocation.proceed(MethodInvocation.java:84) [spock-core-0.7-groovy-2.0.jar:na]
	at org.spockframework.runtime.BaseSpecRunner.invoke(BaseSpecRunner.java:319) [spock-core-0.7-groovy-2.0.jar:na]
	at org.spockframework.runtime.BaseSpecRunner.invokeSetup(BaseSpecRunner.java:279) [spock-core-0.7-groovy-2.0.jar:na]
	at org.spockframework.runtime.BaseSpecRunner.doRunIteration(BaseSpecRunner.java:255) [spock-core-0.7-groovy-2.0.jar:na]
	at sun.reflect.NativeMethodAccessorImpl.invoke0(Native Method) ~[na:1.8.0_45]
	at sun.reflect.NativeMethodAccessorImpl.invoke(NativeMethodAccessorImpl.java:62) ~[na:1.8.0_45]
	at sun.reflect.DelegatingMethodAccessorImpl.invoke(DelegatingMethodAccessorImpl.java:43) ~[na:1.8.0_45]
	at java.lang.reflect.Method.invoke(Method.java:497) ~[na:1.8.0_45]
	at org.spockframework.util.ReflectionUtil.invokeMethod(ReflectionUtil.java:138) [spock-core-0.7-groovy-2.0.jar:na]
	at org.spockframework.runtime.BaseSpecRunner.invokeRaw(BaseSpecRunner.java:330) [spock-core-0.7-groovy-2.0.jar:na]
	at org.spockframework.runtime.BaseSpecRunner.invoke(BaseSpecRunner.java:311) [spock-core-0.7-groovy-2.0.jar:na]
	at org.spockframework.runtime.BaseSpecRunner.runIteration(BaseSpecRunner.java:223) [spock-core-0.7-groovy-2.0.jar:na]
	at org.spockframework.runtime.BaseSpecRunner.initializeAndRunIteration(BaseSpecRunner.java:214) [spock-core-0.7-groovy-2.0.jar:na]
	at org.spockframework.runtime.BaseSpecRunner.runSimpleFeature(BaseSpecRunner.java:205) [spock-core-0.7-groovy-2.0.jar:na]
	at org.spockframework.runtime.BaseSpecRunner.doRunFeature(BaseSpecRunner.java:199) [spock-core-0.7-groovy-2.0.jar:na]
	at sun.reflect.NativeMethodAccessorImpl.invoke0(Native Method) ~[na:1.8.0_45]
	at sun.reflect.NativeMethodAccessorImpl.invoke(NativeMethodAccessorImpl.java:62) ~[na:1.8.0_45]
	at sun.reflect.DelegatingMethodAccessorImpl.invoke(DelegatingMethodAccessorImpl.java:43) ~[na:1.8.0_45]
	at java.lang.reflect.Method.invoke(Method.java:497) ~[na:1.8.0_45]
	at org.spockframework.util.ReflectionUtil.invokeMethod(ReflectionUtil.java:138) [spock-core-0.7-groovy-2.0.jar:na]
	at org.spockframework.runtime.BaseSpecRunner.invokeRaw(BaseSpecRunner.java:330) [spock-core-0.7-groovy-2.0.jar:na]
	at org.spockframework.runtime.BaseSpecRunner.invoke(BaseSpecRunner.java:311) [spock-core-0.7-groovy-2.0.jar:na]
	at org.spockframework.runtime.BaseSpecRunner.runFeature(BaseSpecRunner.java:175) [spock-core-0.7-groovy-2.0.jar:na]
	at org.spockframework.runtime.BaseSpecRunner.runFeatures(BaseSpecRunner.java:152) [spock-core-0.7-groovy-2.0.jar:na]
	at org.spockframework.runtime.BaseSpecRunner.doRunSpec(BaseSpecRunner.java:112) [spock-core-0.7-groovy-2.0.jar:na]
	at sun.reflect.NativeMethodAccessorImpl.invoke0(Native Method) ~[na:1.8.0_45]
	at sun.reflect.NativeMethodAccessorImpl.invoke(NativeMethodAccessorImpl.java:62) ~[na:1.8.0_45]
	at sun.reflect.DelegatingMethodAccessorImpl.invoke(DelegatingMethodAccessorImpl.java:43) ~[na:1.8.0_45]
	at java.lang.reflect.Method.invoke(Method.java:497) ~[na:1.8.0_45]
	at org.spockframework.util.ReflectionUtil.invokeMethod(ReflectionUtil.java:138) [spock-core-0.7-groovy-2.0.jar:na]
	at org.spockframework.runtime.BaseSpecRunner.invokeRaw(BaseSpecRunner.java:330) [spock-core-0.7-groovy-2.0.jar:na]
	at org.spockframework.runtime.BaseSpecRunner.invoke(BaseSpecRunner.java:311) [spock-core-0.7-groovy-2.0.jar:na]
	at org.spockframework.runtime.BaseSpecRunner.runSpec(BaseSpecRunner.java:91) [spock-core-0.7-groovy-2.0.jar:na]
	at org.spockframework.runtime.BaseSpecRunner.run(BaseSpecRunner.java:82) [spock-core-0.7-groovy-2.0.jar:na]
	at org.spockframework.runtime.Sputnik.run(Sputnik.java:63) [spock-core-0.7-groovy-2.0.jar:na]
	at org.gradle.api.internal.tasks.testing.junit.JUnitTestClassExecuter.runTestClass(JUnitTestClassExecuter.java:86) [gradle-plugins-2.3.jar:2.3]
	at org.gradle.api.internal.tasks.testing.junit.JUnitTestClassExecuter.execute(JUnitTestClassExecuter.java:49) [gradle-plugins-2.3.jar:2.3]
	at org.gradle.api.internal.tasks.testing.junit.JUnitTestClassProcessor.processTestClass(JUnitTestClassProcessor.java:64) [gradle-plugins-2.3.jar:2.3]
	at org.gradle.api.internal.tasks.testing.SuiteTestClassProcessor.processTestClass(SuiteTestClassProcessor.java:50) [gradle-plugins-2.3.jar:2.3]
	at sun.reflect.NativeMethodAccessorImpl.invoke0(Native Method) ~[na:1.8.0_45]
	at sun.reflect.NativeMethodAccessorImpl.invoke(NativeMethodAccessorImpl.java:62) ~[na:1.8.0_45]
	at sun.reflect.DelegatingMethodAccessorImpl.invoke(DelegatingMethodAccessorImpl.java:43) ~[na:1.8.0_45]
	at java.lang.reflect.Method.invoke(Method.java:497) ~[na:1.8.0_45]
	at org.gradle.messaging.dispatch.ReflectionDispatch.dispatch(ReflectionDispatch.java:35) [gradle-messaging-2.3.jar:2.3]
	at org.gradle.messaging.dispatch.ReflectionDispatch.dispatch(ReflectionDispatch.java:24) [gradle-messaging-2.3.jar:2.3]
	at org.gradle.messaging.dispatch.ContextClassLoaderDispatch.dispatch(ContextClassLoaderDispatch.java:32) [gradle-messaging-2.3.jar:2.3]
	at org.gradle.messaging.dispatch.ProxyDispatchAdapter$DispatchingInvocationHandler.invoke(ProxyDispatchAdapter.java:93) [gradle-messaging-2.3.jar:2.3]
	at com.sun.proxy.$Proxy2.processTestClass(Unknown Source) [na:na]
	at org.gradle.api.internal.tasks.testing.worker.TestWorker.processTestClass(TestWorker.java:106) [gradle-plugins-2.3.jar:2.3]
	at sun.reflect.NativeMethodAccessorImpl.invoke0(Native Method) ~[na:1.8.0_45]
	at sun.reflect.NativeMethodAccessorImpl.invoke(NativeMethodAccessorImpl.java:62) ~[na:1.8.0_45]
	at sun.reflect.DelegatingMethodAccessorImpl.invoke(DelegatingMethodAccessorImpl.java:43) ~[na:1.8.0_45]
	at java.lang.reflect.Method.invoke(Method.java:497) ~[na:1.8.0_45]
	at org.gradle.messaging.dispatch.ReflectionDispatch.dispatch(ReflectionDispatch.java:35) [gradle-messaging-2.3.jar:2.3]
	at org.gradle.messaging.dispatch.ReflectionDispatch.dispatch(ReflectionDispatch.java:24) [gradle-messaging-2.3.jar:2.3]
	at org.gradle.messaging.remote.internal.hub.MessageHub$Handler.run(MessageHub.java:360) [gradle-messaging-2.3.jar:2.3]
	at org.gradle.internal.concurrent.DefaultExecutorFactory$StoppableExecutorImpl$1.run(DefaultExecutorFactory.java:64) [gradle-base-services-2.3.jar:2.3]
	at java.util.concurrent.ThreadPoolExecutor.runWorker(ThreadPoolExecutor.java:1142) [na:1.8.0_45]
	at java.util.concurrent.ThreadPoolExecutor$Worker.run(ThreadPoolExecutor.java:617) [na:1.8.0_45]
	at java.lang.Thread.run(Thread.java:745) [na:1.8.0_45]
15:50:15.224 [Test worker] DEBUG o.s.c.t.c.AnnotationAttributesReadingVisitor - Failed to class-load type while reading annotation metadata. This is a non-fatal error, but certain annotation metadata may be unavailable.
java.lang.ClassNotFoundException: org.springframework.security.config.annotation.web.configuration.EnableWebSecurity
	at java.net.URLClassLoader.findClass(URLClassLoader.java:381) ~[na:1.8.0_45]
	at java.lang.ClassLoader.loadClass(ClassLoader.java:424) ~[na:1.8.0_45]
	at sun.misc.Launcher$AppClassLoader.loadClass(Launcher.java:331) ~[na:1.8.0_45]
	at java.lang.ClassLoader.loadClass(ClassLoader.java:357) ~[na:1.8.0_45]
	at org.springframework.core.type.classreading.RecursiveAnnotationAttributesVisitor.visitEnd(RecursiveAnnotationAttributesVisitor.java:47) ~[spring-core-4.1.6.RELEASE.jar:4.1.6.RELEASE]
	at org.springframework.asm.ClassReader.readAnnotationValues(ClassReader.java:1802) [spring-core-4.1.6.RELEASE.jar:4.1.6.RELEASE]
	at org.springframework.asm.ClassReader.accept(ClassReader.java:642) [spring-core-4.1.6.RELEASE.jar:4.1.6.RELEASE]
	at org.springframework.asm.ClassReader.accept(ClassReader.java:508) [spring-core-4.1.6.RELEASE.jar:4.1.6.RELEASE]
	at org.springframework.core.type.classreading.SimpleMetadataReader.<init>(SimpleMetadataReader.java:64) [spring-core-4.1.6.RELEASE.jar:4.1.6.RELEASE]
	at org.springframework.core.type.classreading.SimpleMetadataReaderFactory.getMetadataReader(SimpleMetadataReaderFactory.java:98) [spring-core-4.1.6.RELEASE.jar:4.1.6.RELEASE]
	at org.springframework.core.type.classreading.CachingMetadataReaderFactory.getMetadataReader(CachingMetadataReaderFactory.java:102) [spring-core-4.1.6.RELEASE.jar:4.1.6.RELEASE]
	at org.springframework.core.type.classreading.SimpleMetadataReaderFactory.getMetadataReader(SimpleMetadataReaderFactory.java:93) [spring-core-4.1.6.RELEASE.jar:4.1.6.RELEASE]
	at org.springframework.boot.autoconfigure.AutoConfigurationSorter$AutoConfigurationClasses.<init>(AutoConfigurationSorter.java:112) [spring-boot-autoconfigure-1.2.3.RELEASE.jar:1.2.3.RELEASE]
	at org.springframework.boot.autoconfigure.AutoConfigurationSorter.getInPriorityOrder(AutoConfigurationSorter.java:57) [spring-boot-autoconfigure-1.2.3.RELEASE.jar:1.2.3.RELEASE]
	at org.springframework.boot.autoconfigure.EnableAutoConfigurationImportSelector.selectImports(EnableAutoConfigurationImportSelector.java:72) [spring-boot-autoconfigure-1.2.3.RELEASE.jar:1.2.3.RELEASE]
	at org.springframework.context.annotation.ConfigurationClassParser.processDeferredImportSelectors(ConfigurationClassParser.java:429) [spring-context-4.1.6.RELEASE.jar:4.1.6.RELEASE]
	at org.springframework.context.annotation.ConfigurationClassParser.parse(ConfigurationClassParser.java:183) [spring-context-4.1.6.RELEASE.jar:4.1.6.RELEASE]
	at org.springframework.context.annotation.ConfigurationClassPostProcessor.processConfigBeanDefinitions(ConfigurationClassPostProcessor.java:306) [spring-context-4.1.6.RELEASE.jar:4.1.6.RELEASE]
	at org.springframework.context.annotation.ConfigurationClassPostProcessor.postProcessBeanDefinitionRegistry(ConfigurationClassPostProcessor.java:239) [spring-context-4.1.6.RELEASE.jar:4.1.6.RELEASE]
	at org.springframework.context.support.PostProcessorRegistrationDelegate.invokeBeanDefinitionRegistryPostProcessors(PostProcessorRegistrationDelegate.java:254) [spring-context-4.1.6.RELEASE.jar:4.1.6.RELEASE]
	at org.springframework.context.support.PostProcessorRegistrationDelegate.invokeBeanFactoryPostProcessors(PostProcessorRegistrationDelegate.java:94) [spring-context-4.1.6.RELEASE.jar:4.1.6.RELEASE]
	at org.springframework.context.support.AbstractApplicationContext.invokeBeanFactoryPostProcessors(AbstractApplicationContext.java:606) [spring-context-4.1.6.RELEASE.jar:4.1.6.RELEASE]
	at org.springframework.context.support.AbstractApplicationContext.refresh(AbstractApplicationContext.java:462) [spring-context-4.1.6.RELEASE.jar:4.1.6.RELEASE]
	at org.springframework.test.context.support.AbstractGenericContextLoader.loadContext(AbstractGenericContextLoader.java:125) [spring-test-4.1.6.RELEASE.jar:4.1.6.RELEASE]
	at org.springframework.test.context.support.AbstractGenericContextLoader.loadContext(AbstractGenericContextLoader.java:60) [spring-test-4.1.6.RELEASE.jar:4.1.6.RELEASE]
	at org.springframework.test.context.support.AbstractDelegatingSmartContextLoader.delegateLoading(AbstractDelegatingSmartContextLoader.java:109) [spring-test-4.1.6.RELEASE.jar:4.1.6.RELEASE]
	at org.springframework.test.context.support.AbstractDelegatingSmartContextLoader.loadContext(AbstractDelegatingSmartContextLoader.java:261) [spring-test-4.1.6.RELEASE.jar:4.1.6.RELEASE]
	at org.springframework.test.context.DefaultCacheAwareContextLoaderDelegate.loadContextInternal(DefaultCacheAwareContextLoaderDelegate.java:68) [spring-test-4.1.6.RELEASE.jar:4.1.6.RELEASE]
	at org.springframework.test.context.DefaultCacheAwareContextLoaderDelegate.loadContext(DefaultCacheAwareContextLoaderDelegate.java:86) [spring-test-4.1.6.RELEASE.jar:4.1.6.RELEASE]
	at org.springframework.test.context.DefaultTestContext.getApplicationContext(DefaultTestContext.java:72) [spring-test-4.1.6.RELEASE.jar:4.1.6.RELEASE]
	at org.springframework.test.context.support.DependencyInjectionTestExecutionListener.injectDependencies(DependencyInjectionTestExecutionListener.java:117) [spring-test-4.1.6.RELEASE.jar:4.1.6.RELEASE]
	at org.springframework.test.context.support.DependencyInjectionTestExecutionListener.prepareTestInstance(DependencyInjectionTestExecutionListener.java:83) [spring-test-4.1.6.RELEASE.jar:4.1.6.RELEASE]
	at org.springframework.test.context.TestContextManager.prepareTestInstance(TestContextManager.java:212) [spring-test-4.1.6.RELEASE.jar:4.1.6.RELEASE]
	at org.spockframework.spring.SpringTestContextManager.prepareTestInstance(SpringTestContextManager.java:49) [spock-spring-0.7-groovy-2.0.jar:na]
	at org.spockframework.spring.SpringInterceptor.interceptSetupMethod(SpringInterceptor.java:42) [spock-spring-0.7-groovy-2.0.jar:na]
	at org.spockframework.runtime.extension.AbstractMethodInterceptor.intercept(AbstractMethodInterceptor.java:28) [spock-core-0.7-groovy-2.0.jar:na]
	at org.spockframework.runtime.extension.MethodInvocation.proceed(MethodInvocation.java:84) [spock-core-0.7-groovy-2.0.jar:na]
	at org.spockframework.runtime.BaseSpecRunner.invoke(BaseSpecRunner.java:319) [spock-core-0.7-groovy-2.0.jar:na]
	at org.spockframework.runtime.BaseSpecRunner.invokeSetup(BaseSpecRunner.java:279) [spock-core-0.7-groovy-2.0.jar:na]
	at org.spockframework.runtime.BaseSpecRunner.doRunIteration(BaseSpecRunner.java:255) [spock-core-0.7-groovy-2.0.jar:na]
	at sun.reflect.NativeMethodAccessorImpl.invoke0(Native Method) ~[na:1.8.0_45]
	at sun.reflect.NativeMethodAccessorImpl.invoke(NativeMethodAccessorImpl.java:62) ~[na:1.8.0_45]
	at sun.reflect.DelegatingMethodAccessorImpl.invoke(DelegatingMethodAccessorImpl.java:43) ~[na:1.8.0_45]
	at java.lang.reflect.Method.invoke(Method.java:497) ~[na:1.8.0_45]
	at org.spockframework.util.ReflectionUtil.invokeMethod(ReflectionUtil.java:138) [spock-core-0.7-groovy-2.0.jar:na]
	at org.spockframework.runtime.BaseSpecRunner.invokeRaw(BaseSpecRunner.java:330) [spock-core-0.7-groovy-2.0.jar:na]
	at org.spockframework.runtime.BaseSpecRunner.invoke(BaseSpecRunner.java:311) [spock-core-0.7-groovy-2.0.jar:na]
	at org.spockframework.runtime.BaseSpecRunner.runIteration(BaseSpecRunner.java:223) [spock-core-0.7-groovy-2.0.jar:na]
	at org.spockframework.runtime.BaseSpecRunner.initializeAndRunIteration(BaseSpecRunner.java:214) [spock-core-0.7-groovy-2.0.jar:na]
	at org.spockframework.runtime.BaseSpecRunner.runSimpleFeature(BaseSpecRunner.java:205) [spock-core-0.7-groovy-2.0.jar:na]
	at org.spockframework.runtime.BaseSpecRunner.doRunFeature(BaseSpecRunner.java:199) [spock-core-0.7-groovy-2.0.jar:na]
	at sun.reflect.NativeMethodAccessorImpl.invoke0(Native Method) ~[na:1.8.0_45]
	at sun.reflect.NativeMethodAccessorImpl.invoke(NativeMethodAccessorImpl.java:62) ~[na:1.8.0_45]
	at sun.reflect.DelegatingMethodAccessorImpl.invoke(DelegatingMethodAccessorImpl.java:43) ~[na:1.8.0_45]
	at java.lang.reflect.Method.invoke(Method.java:497) ~[na:1.8.0_45]
	at org.spockframework.util.ReflectionUtil.invokeMethod(ReflectionUtil.java:138) [spock-core-0.7-groovy-2.0.jar:na]
	at org.spockframework.runtime.BaseSpecRunner.invokeRaw(BaseSpecRunner.java:330) [spock-core-0.7-groovy-2.0.jar:na]
	at org.spockframework.runtime.BaseSpecRunner.invoke(BaseSpecRunner.java:311) [spock-core-0.7-groovy-2.0.jar:na]
	at org.spockframework.runtime.BaseSpecRunner.runFeature(BaseSpecRunner.java:175) [spock-core-0.7-groovy-2.0.jar:na]
	at org.spockframework.runtime.BaseSpecRunner.runFeatures(BaseSpecRunner.java:152) [spock-core-0.7-groovy-2.0.jar:na]
	at org.spockframework.runtime.BaseSpecRunner.doRunSpec(BaseSpecRunner.java:112) [spock-core-0.7-groovy-2.0.jar:na]
	at sun.reflect.NativeMethodAccessorImpl.invoke0(Native Method) ~[na:1.8.0_45]
	at sun.reflect.NativeMethodAccessorImpl.invoke(NativeMethodAccessorImpl.java:62) ~[na:1.8.0_45]
	at sun.reflect.DelegatingMethodAccessorImpl.invoke(DelegatingMethodAccessorImpl.java:43) ~[na:1.8.0_45]
	at java.lang.reflect.Method.invoke(Method.java:497) ~[na:1.8.0_45]
	at org.spockframework.util.ReflectionUtil.invokeMethod(ReflectionUtil.java:138) [spock-core-0.7-groovy-2.0.jar:na]
	at org.spockframework.runtime.BaseSpecRunner.invokeRaw(BaseSpecRunner.java:330) [spock-core-0.7-groovy-2.0.jar:na]
	at org.spockframework.runtime.BaseSpecRunner.invoke(BaseSpecRunner.java:311) [spock-core-0.7-groovy-2.0.jar:na]
	at org.spockframework.runtime.BaseSpecRunner.runSpec(BaseSpecRunner.java:91) [spock-core-0.7-groovy-2.0.jar:na]
	at org.spockframework.runtime.BaseSpecRunner.run(BaseSpecRunner.java:82) [spock-core-0.7-groovy-2.0.jar:na]
	at org.spockframework.runtime.Sputnik.run(Sputnik.java:63) [spock-core-0.7-groovy-2.0.jar:na]
	at org.gradle.api.internal.tasks.testing.junit.JUnitTestClassExecuter.runTestClass(JUnitTestClassExecuter.java:86) [gradle-plugins-2.3.jar:2.3]
	at org.gradle.api.internal.tasks.testing.junit.JUnitTestClassExecuter.execute(JUnitTestClassExecuter.java:49) [gradle-plugins-2.3.jar:2.3]
	at org.gradle.api.internal.tasks.testing.junit.JUnitTestClassProcessor.processTestClass(JUnitTestClassProcessor.java:64) [gradle-plugins-2.3.jar:2.3]
	at org.gradle.api.internal.tasks.testing.SuiteTestClassProcessor.processTestClass(SuiteTestClassProcessor.java:50) [gradle-plugins-2.3.jar:2.3]
	at sun.reflect.NativeMethodAccessorImpl.invoke0(Native Method) ~[na:1.8.0_45]
	at sun.reflect.NativeMethodAccessorImpl.invoke(NativeMethodAccessorImpl.java:62) ~[na:1.8.0_45]
	at sun.reflect.DelegatingMethodAccessorImpl.invoke(DelegatingMethodAccessorImpl.java:43) ~[na:1.8.0_45]
	at java.lang.reflect.Method.invoke(Method.java:497) ~[na:1.8.0_45]
	at org.gradle.messaging.dispatch.ReflectionDispatch.dispatch(ReflectionDispatch.java:35) [gradle-messaging-2.3.jar:2.3]
	at org.gradle.messaging.dispatch.ReflectionDispatch.dispatch(ReflectionDispatch.java:24) [gradle-messaging-2.3.jar:2.3]
	at org.gradle.messaging.dispatch.ContextClassLoaderDispatch.dispatch(ContextClassLoaderDispatch.java:32) [gradle-messaging-2.3.jar:2.3]
	at org.gradle.messaging.dispatch.ProxyDispatchAdapter$DispatchingInvocationHandler.invoke(ProxyDispatchAdapter.java:93) [gradle-messaging-2.3.jar:2.3]
	at com.sun.proxy.$Proxy2.processTestClass(Unknown Source) [na:na]
	at org.gradle.api.internal.tasks.testing.worker.TestWorker.processTestClass(TestWorker.java:106) [gradle-plugins-2.3.jar:2.3]
	at sun.reflect.NativeMethodAccessorImpl.invoke0(Native Method) ~[na:1.8.0_45]
	at sun.reflect.NativeMethodAccessorImpl.invoke(NativeMethodAccessorImpl.java:62) ~[na:1.8.0_45]
	at sun.reflect.DelegatingMethodAccessorImpl.invoke(DelegatingMethodAccessorImpl.java:43) ~[na:1.8.0_45]
	at java.lang.reflect.Method.invoke(Method.java:497) ~[na:1.8.0_45]
	at org.gradle.messaging.dispatch.ReflectionDispatch.dispatch(ReflectionDispatch.java:35) [gradle-messaging-2.3.jar:2.3]
	at org.gradle.messaging.dispatch.ReflectionDispatch.dispatch(ReflectionDispatch.java:24) [gradle-messaging-2.3.jar:2.3]
	at org.gradle.messaging.remote.internal.hub.MessageHub$Handler.run(MessageHub.java:360) [gradle-messaging-2.3.jar:2.3]
	at org.gradle.internal.concurrent.DefaultExecutorFactory$StoppableExecutorImpl$1.run(DefaultExecutorFactory.java:64) [gradle-base-services-2.3.jar:2.3]
	at java.util.concurrent.ThreadPoolExecutor.runWorker(ThreadPoolExecutor.java:1142) [na:1.8.0_45]
	at java.util.concurrent.ThreadPoolExecutor$Worker.run(ThreadPoolExecutor.java:617) [na:1.8.0_45]
	at java.lang.Thread.run(Thread.java:745) [na:1.8.0_45]
15:50:15.269 [Test worker] DEBUG o.s.c.t.c.AnnotationAttributesReadingVisitor - Failed to class-load type while reading annotation metadata. This is a non-fatal error, but certain annotation metadata may be unavailable.
java.lang.ClassNotFoundException: org.springframework.data.web.config.EnableSpringDataWebSupport
	at java.net.URLClassLoader.findClass(URLClassLoader.java:381) ~[na:1.8.0_45]
	at java.lang.ClassLoader.loadClass(ClassLoader.java:424) ~[na:1.8.0_45]
	at sun.misc.Launcher$AppClassLoader.loadClass(Launcher.java:331) ~[na:1.8.0_45]
	at java.lang.ClassLoader.loadClass(ClassLoader.java:357) ~[na:1.8.0_45]
	at org.springframework.core.type.classreading.RecursiveAnnotationAttributesVisitor.visitEnd(RecursiveAnnotationAttributesVisitor.java:47) ~[spring-core-4.1.6.RELEASE.jar:4.1.6.RELEASE]
	at org.springframework.asm.ClassReader.readAnnotationValues(ClassReader.java:1802) [spring-core-4.1.6.RELEASE.jar:4.1.6.RELEASE]
	at org.springframework.asm.ClassReader.accept(ClassReader.java:642) [spring-core-4.1.6.RELEASE.jar:4.1.6.RELEASE]
	at org.springframework.asm.ClassReader.accept(ClassReader.java:508) [spring-core-4.1.6.RELEASE.jar:4.1.6.RELEASE]
	at org.springframework.core.type.classreading.SimpleMetadataReader.<init>(SimpleMetadataReader.java:64) [spring-core-4.1.6.RELEASE.jar:4.1.6.RELEASE]
	at org.springframework.core.type.classreading.SimpleMetadataReaderFactory.getMetadataReader(SimpleMetadataReaderFactory.java:98) [spring-core-4.1.6.RELEASE.jar:4.1.6.RELEASE]
	at org.springframework.core.type.classreading.CachingMetadataReaderFactory.getMetadataReader(CachingMetadataReaderFactory.java:102) [spring-core-4.1.6.RELEASE.jar:4.1.6.RELEASE]
	at org.springframework.core.type.classreading.SimpleMetadataReaderFactory.getMetadataReader(SimpleMetadataReaderFactory.java:93) [spring-core-4.1.6.RELEASE.jar:4.1.6.RELEASE]
	at org.springframework.context.annotation.ConfigurationClassParser.asSourceClass(ConfigurationClassParser.java:596) [spring-context-4.1.6.RELEASE.jar:4.1.6.RELEASE]
	at org.springframework.context.annotation.ConfigurationClassParser.asSourceClasses(ConfigurationClassParser.java:578) [spring-context-4.1.6.RELEASE.jar:4.1.6.RELEASE]
	at org.springframework.context.annotation.ConfigurationClassParser.processDeferredImportSelectors(ConfigurationClassParser.java:430) [spring-context-4.1.6.RELEASE.jar:4.1.6.RELEASE]
	at org.springframework.context.annotation.ConfigurationClassParser.parse(ConfigurationClassParser.java:183) [spring-context-4.1.6.RELEASE.jar:4.1.6.RELEASE]
	at org.springframework.context.annotation.ConfigurationClassPostProcessor.processConfigBeanDefinitions(ConfigurationClassPostProcessor.java:306) [spring-context-4.1.6.RELEASE.jar:4.1.6.RELEASE]
	at org.springframework.context.annotation.ConfigurationClassPostProcessor.postProcessBeanDefinitionRegistry(ConfigurationClassPostProcessor.java:239) [spring-context-4.1.6.RELEASE.jar:4.1.6.RELEASE]
	at org.springframework.context.support.PostProcessorRegistrationDelegate.invokeBeanDefinitionRegistryPostProcessors(PostProcessorRegistrationDelegate.java:254) [spring-context-4.1.6.RELEASE.jar:4.1.6.RELEASE]
[...]
15:50:19.221 [Test worker] DEBUG org.apache.http.headers - http-outgoing-0 >> User-Agent: Apache-HttpClient/4.3.5 (java 1.5)
15:50:19.221 [Test worker] DEBUG org.apache.http.headers - http-outgoing-0 >> Accept-Encoding: gzip,deflate
15:50:19.221 [Test worker] DEBUG org.apache.http.wire - http-outgoing-0 >> "GET /3/search/movie?api_key=your_key_here&query=fight%2Bclub&year=2013 HTTP/1.1[\r][\n]"
15:50:19.221 [Test worker] DEBUG org.apache.http.wire - http-outgoing-0 >> "Accept: application/json, application/*+json[\r][\n]"
15:50:19.221 [Test worker] DEBUG org.apache.http.wire - http-outgoing-0 >> "Host: api.themoviedb.org[\r][\n]"
15:50:19.221 [Test worker] DEBUG org.apache.http.wire - http-outgoing-0 >> "Connection: Keep-Alive[\r][\n]"
15:50:19.221 [Test worker] DEBUG org.apache.http.wire - http-outgoing-0 >> "User-Agent: Apache-HttpClient/4.3.5 (java 1.5)[\r][\n]"
15:50:19.221 [Test worker] DEBUG org.apache.http.wire - http-outgoing-0 >> "Accept-Encoding: gzip,deflate[\r][\n]"
15:50:19.221 [Test worker] DEBUG org.apache.http.wire - http-outgoing-0 >> "[\r][\n]"
15:50:19.903 [Test worker] DEBUG org.apache.http.wire - http-outgoing-0 << "HTTP/1.1 401 Unauthorized[\r][\n]"
15:50:19.903 [Test worker] DEBUG org.apache.http.wire - http-outgoing-0 << "Content-Type: application/json;charset=utf-8[\r][\n]"
15:50:19.903 [Test worker] DEBUG org.apache.http.wire - http-outgoing-0 << "Date: Tue, 21 Jun 2016 08:50:20 GMT[\r][\n]"
15:50:19.903 [Test worker] DEBUG org.apache.http.wire - http-outgoing-0 << "Server: openresty[\r][\n]"
15:50:19.903 [Test worker] DEBUG org.apache.http.wire - http-outgoing-0 << "X-RateLimit-Limit: 40[\r][\n]"
15:50:19.903 [Test worker] DEBUG org.apache.http.wire - http-outgoing-0 << "X-RateLimit-Remaining: 39[\r][\n]"
15:50:19.903 [Test worker] DEBUG org.apache.http.wire - http-outgoing-0 << "X-RateLimit-Reset: 1466499030[\r][\n]"
15:50:19.903 [Test worker] DEBUG org.apache.http.wire - http-outgoing-0 << "Content-Length: 86[\r][\n]"
15:50:19.903 [Test worker] DEBUG org.apache.http.wire - http-outgoing-0 << "Connection: close[\r][\n]"
15:50:19.903 [Test worker] DEBUG org.apache.http.wire - http-outgoing-0 << "[\r][\n]"
15:50:19.904 [Test worker] DEBUG org.apache.http.wire - http-outgoing-0 << "{"status_code":7,"status_message":"Invalid API key: You must be granted a valid key."}"
15:50:19.907 [Test worker] DEBUG org.apache.http.headers - http-outgoing-0 << HTTP/1.1 401 Unauthorized
15:50:19.907 [Test worker] DEBUG org.apache.http.headers - http-outgoing-0 << Content-Type: application/json;charset=utf-8
15:50:19.907 [Test worker] DEBUG org.apache.http.headers - http-outgoing-0 << Date: Tue, 21 Jun 2016 08:50:20 GMT
15:50:19.907 [Test worker] DEBUG org.apache.http.headers - http-outgoing-0 << Server: openresty
15:50:19.907 [Test worker] DEBUG org.apache.http.headers - http-outgoing-0 << X-RateLimit-Limit: 40
15:50:19.907 [Test worker] DEBUG org.apache.http.headers - http-outgoing-0 << X-RateLimit-Remaining: 39
15:50:19.907 [Test worker] DEBUG org.apache.http.headers - http-outgoing-0 << X-RateLimit-Reset: 1466499030
15:50:19.907 [Test worker] DEBUG org.apache.http.headers - http-outgoing-0 << Content-Length: 86
15:50:19.907 [Test worker] DEBUG org.apache.http.headers - http-outgoing-0 << Connection: close
15:50:19.909 [Test worker] DEBUG o.a.http.impl.auth.HttpAuthenticator - Authentication required
15:50:19.909 [Test worker] DEBUG o.a.http.impl.auth.HttpAuthenticator - api.themoviedb.org:80 requested authentication
15:50:19.909 [Test worker] DEBUG o.a.http.impl.auth.HttpAuthenticator - Response contains no authentication challenges
15:50:19.914 [Test worker] DEBUG o.s.web.client.RestTemplate - GET request for "/search/movie?api_key=your_key_here&query=fight%2Bclub&year=2013" resulted in 401 (Unauthorized); invoking error handler
15:50:19.916 [Test worker] DEBUG o.a.h.i.c.DefaultManagedHttpClientConnection - http-outgoing-0: Shutdown connection
15:50:19.916 [Test worker] DEBUG o.a.h.impl.execchain.MainClientExec - Connection discarded
15:50:19.917 [Test worker] DEBUG o.a.h.i.c.DefaultManagedHttpClientConnection - http-outgoing-0: Close connection
15:50:19.917 [Test worker] DEBUG o.a.h.i.c.PoolingHttpClientConnectionManager - Connection released: [id: 0][route: {}->http://api.themoviedb.org:80][total kept alive: 0; route allocated: 0 of 100; total allocated: 0 of 500]
15:50:19.921 [Test worker] DEBUG o.s.r.b.ExponentialBackOffPolicy - Sleeping for 1000
15:50:20.922 [Test worker] DEBUG o.s.retry.support.RetryTemplate - Checking for rethrow: count=1
15:50:20.922 [Test worker] DEBUG o.s.retry.support.RetryTemplate - Retry: count=1
15:50:20.922 [Test worker] DEBUG o.s.web.client.RestTemplate - Created GET request for "/search/movie?api_key=your_key_here&query=fight%2Bclub&year=2013"
15:50:20.922 [Test worker] DEBUG o.s.web.client.RestTemplate - Setting request Accept header to [application/json, application/*+json]
15:50:20.923 [Test worker] DEBUG o.a.h.c.protocol.RequestAddCookies - CookieSpec selected: best-match
15:50:20.923 [Test worker] DEBUG o.a.h.c.protocol.RequestAuthCache - Auth cache not set in the context
15:50:20.923 [Test worker] DEBUG o.a.h.i.c.PoolingHttpClientConnectionManager - Connection request: [route: {}->http://api.themoviedb.org:80][total kept alive: 0; route allocated: 0 of 100; total allocated: 0 of 500]
15:50:20.923 [Test worker] DEBUG o.a.h.i.c.PoolingHttpClientConnectionManager - Connection leased: [id: 1][route: {}->http://api.themoviedb.org:80][total kept alive: 0; route allocated: 1 of 100; total allocated: 1 of 500]
15:50:20.923 [Test worker] DEBUG o.a.h.impl.execchain.MainClientExec - Opening connection {}->http://api.themoviedb.org:80
15:50:20.923 [Test worker] DEBUG o.a.h.i.c.HttpClientConnectionOperator - Connecting to api.themoviedb.org/174.129.205.219:80
15:50:20.940 [Test worker] DEBUG o.a.h.i.c.HttpClientConnectionOperator - Connection established 192.168.1.54:49436<->174.129.205.219:80
15:50:20.940 [Test worker] DEBUG o.a.h.impl.execchain.MainClientExec - Executing request GET /3/search/movie?api_key=your_key_here&query=fight%2Bclub&year=2013 HTTP/1.1
15:50:20.940 [Test worker] DEBUG o.a.h.impl.execchain.MainClientExec - Target auth state: UNCHALLENGED
15:50:20.940 [Test worker] DEBUG o.a.h.impl.execchain.MainClientExec - Proxy auth state: UNCHALLENGED
15:50:20.940 [Test worker] DEBUG org.apache.http.headers - http-outgoing-1 >> GET /3/search/movie?api_key=your_key_here&query=fight%2Bclub&year=2013 HTTP/1.1
15:50:20.940 [Test worker] DEBUG org.apache.http.headers - http-outgoing-1 >> Accept: application/json, application/*+json
15:50:20.940 [Test worker] DEBUG org.apache.http.headers - http-outgoing-1 >> Host: api.themoviedb.org
15:50:20.940 [Test worker] DEBUG org.apache.http.headers - http-outgoing-1 >> Connection: Keep-Alive
15:50:20.940 [Test worker] DEBUG org.apache.http.headers - http-outgoing-1 >> User-Agent: Apache-HttpClient/4.3.5 (java 1.5)
15:50:20.940 [Test worker] DEBUG org.apache.http.headers - http-outgoing-1 >> Accept-Encoding: gzip,deflate
15:50:20.940 [Test worker] DEBUG org.apache.http.wire - http-outgoing-1 >> "GET /3/search/movie?api_key=your_key_here&query=fight%2Bclub&year=2013 HTTP/1.1[\r][\n]"
15:50:20.940 [Test worker] DEBUG org.apache.http.wire - http-outgoing-1 >> "Accept: application/json, application/*+json[\r][\n]"
15:50:20.940 [Test worker] DEBUG org.apache.http.wire - http-outgoing-1 >> "Host: api.themoviedb.org[\r][\n]"
15:50:20.940 [Test worker] DEBUG org.apache.http.wire - http-outgoing-1 >> "Connection: Keep-Alive[\r][\n]"
15:50:20.940 [Test worker] DEBUG org.apache.http.wire - http-outgoing-1 >> "User-Agent: Apache-HttpClient/4.3.5 (java 1.5)[\r][\n]"
15:50:20.940 [Test worker] DEBUG org.apache.http.wire - http-outgoing-1 >> "Accept-Encoding: gzip,deflate[\r][\n]"
15:50:20.940 [Test worker] DEBUG org.apache.http.wire - http-outgoing-1 >> "[\r][\n]"
15:50:21.513 [Test worker] DEBUG org.apache.http.wire - http-outgoing-1 << "HTTP/1.1 401 Unauthorized[\r][\n]"
15:50:21.513 [Test worker] DEBUG org.apache.http.wire - http-outgoing-1 << "Content-Type: application/json;charset=utf-8[\r][\n]"
15:50:21.513 [Test worker] DEBUG org.apache.http.wire - http-outgoing-1 << "Date: Tue, 21 Jun 2016 08:50:22 GMT[\r][\n]"
15:50:21.513 [Test worker] DEBUG org.apache.http.wire - http-outgoing-1 << "Server: openresty[\r][\n]"
15:50:21.513 [Test worker] DEBUG org.apache.http.wire - http-outgoing-1 << "X-RateLimit-Limit: 40[\r][\n]"
15:50:21.513 [Test worker] DEBUG org.apache.http.wire - http-outgoing-1 << "X-RateLimit-Remaining: 38[\r][\n]"
15:50:21.513 [Test worker] DEBUG org.apache.http.wire - http-outgoing-1 << "X-RateLimit-Reset: 1466499030[\r][\n]"
15:50:21.513 [Test worker] DEBUG org.apache.http.wire - http-outgoing-1 << "Content-Length: 86[\r][\n]"
15:50:21.513 [Test worker] DEBUG org.apache.http.wire - http-outgoing-1 << "Connection: close[\r][\n]"
15:50:21.513 [Test worker] DEBUG org.apache.http.wire - http-outgoing-1 << "[\r][\n]"
15:50:21.513 [Test worker] DEBUG org.apache.http.wire - http-outgoing-1 << "{"status_code":7,"status_message":"Invalid API key: You must be granted a valid key."}"
15:50:21.513 [Test worker] DEBUG org.apache.http.headers - http-outgoing-1 << HTTP/1.1 401 Unauthorized
15:50:21.513 [Test worker] DEBUG org.apache.http.headers - http-outgoing-1 << Content-Type: application/json;charset=utf-8
15:50:21.513 [Test worker] DEBUG org.apache.http.headers - http-outgoing-1 << Date: Tue, 21 Jun 2016 08:50:22 GMT
15:50:21.513 [Test worker] DEBUG org.apache.http.headers - http-outgoing-1 << Server: openresty
15:50:21.513 [Test worker] DEBUG org.apache.http.headers - http-outgoing-1 << X-RateLimit-Limit: 40
15:50:21.513 [Test worker] DEBUG org.apache.http.headers - http-outgoing-1 << X-RateLimit-Remaining: 38
15:50:21.513 [Test worker] DEBUG org.apache.http.headers - http-outgoing-1 << X-RateLimit-Reset: 1466499030
15:50:21.513 [Test worker] DEBUG org.apache.http.headers - http-outgoing-1 << Content-Length: 86
15:50:21.513 [Test worker] DEBUG org.apache.http.headers - http-outgoing-1 << Connection: close
15:50:21.514 [Test worker] DEBUG o.a.http.impl.auth.HttpAuthenticator - Authentication required
15:50:21.514 [Test worker] DEBUG o.a.http.impl.auth.HttpAuthenticator - api.themoviedb.org:80 requested authentication
15:50:21.514 [Test worker] DEBUG o.a.http.impl.auth.HttpAuthenticator - Response contains no authentication challenges
15:50:21.514 [Test worker] DEBUG o.s.web.client.RestTemplate - GET request for "/search/movie?api_key=your_key_here&query=fight%2Bclub&year=2013" resulted in 401 (Unauthorized); invoking error handler
15:50:21.514 [Test worker] DEBUG o.a.h.i.c.DefaultManagedHttpClientConnection - http-outgoing-1: Shutdown connection
15:50:21.514 [Test worker] DEBUG o.a.h.impl.execchain.MainClientExec - Connection discarded
15:50:21.514 [Test worker] DEBUG o.a.h.i.c.DefaultManagedHttpClientConnection - http-outgoing-1: Close connection
15:50:21.514 [Test worker] DEBUG o.a.h.i.c.PoolingHttpClientConnectionManager - Connection released: [id: 1][route: {}->http://api.themoviedb.org:80][total kept alive: 0; route allocated: 0 of 100; total allocated: 0 of 500]
15:50:21.514 [Test worker] DEBUG o.s.r.b.ExponentialBackOffPolicy - Sleeping for 2000
15:50:23.519 [Test worker] DEBUG o.s.retry.support.RetryTemplate - Checking for rethrow: count=2
15:50:23.519 [Test worker] DEBUG o.s.retry.support.RetryTemplate - Retry: count=2
15:50:23.520 [Test worker] DEBUG o.s.web.client.RestTemplate - Created GET request for "/search/movie?api_key=your_key_here&query=fight%2Bclub&year=2013"
15:50:23.520 [Test worker] DEBUG o.s.web.client.RestTemplate - Setting request Accept header to [application/json, application/*+json]
15:50:23.520 [Test worker] DEBUG o.a.h.c.protocol.RequestAddCookies - CookieSpec selected: best-match
15:50:23.520 [Test worker] DEBUG o.a.h.c.protocol.RequestAuthCache - Auth cache not set in the context
15:50:23.521 [Test worker] DEBUG o.a.h.i.c.PoolingHttpClientConnectionManager - Connection request: [route: {}->http://api.themoviedb.org:80][total kept alive: 0; route allocated: 0 of 100; total allocated: 0 of 500]
15:50:23.521 [Test worker] DEBUG o.a.h.i.c.PoolingHttpClientConnectionManager - Connection leased: [id: 2][route: {}->http://api.themoviedb.org:80][total kept alive: 0; route allocated: 1 of 100; total allocated: 1 of 500]
15:50:23.521 [Test worker] DEBUG o.a.h.impl.execchain.MainClientExec - Opening connection {}->http://api.themoviedb.org:80
15:50:23.521 [Test worker] DEBUG o.a.h.i.c.HttpClientConnectionOperator - Connecting to api.themoviedb.org/174.129.205.219:80
15:50:23.864 [Test worker] DEBUG o.a.h.i.c.HttpClientConnectionOperator - Connection established 192.168.1.54:49437<->174.129.205.219:80
15:50:23.865 [Test worker] DEBUG o.a.h.impl.execchain.MainClientExec - Executing request GET /3/search/movie?api_key=your_key_here&query=fight%2Bclub&year=2013 HTTP/1.1
15:50:23.865 [Test worker] DEBUG o.a.h.impl.execchain.MainClientExec - Target auth state: UNCHALLENGED
15:50:23.865 [Test worker] DEBUG o.a.h.impl.execchain.MainClientExec - Proxy auth state: UNCHALLENGED
15:50:23.865 [Test worker] DEBUG org.apache.http.headers - http-outgoing-2 >> GET /3/search/movie?api_key=your_key_here&query=fight%2Bclub&year=2013 HTTP/1.1
15:50:23.865 [Test worker] DEBUG org.apache.http.headers - http-outgoing-2 >> Accept: application/json, application/*+json
15:50:23.865 [Test worker] DEBUG org.apache.http.headers - http-outgoing-2 >> Host: api.themoviedb.org
15:50:23.865 [Test worker] DEBUG org.apache.http.headers - http-outgoing-2 >> Connection: Keep-Alive
15:50:23.865 [Test worker] DEBUG org.apache.http.headers - http-outgoing-2 >> User-Agent: Apache-HttpClient/4.3.5 (java 1.5)
15:50:23.865 [Test worker] DEBUG org.apache.http.headers - http-outgoing-2 >> Accept-Encoding: gzip,deflate
15:50:23.865 [Test worker] DEBUG org.apache.http.wire - http-outgoing-2 >> "GET /3/search/movie?api_key=your_key_here&query=fight%2Bclub&year=2013 HTTP/1.1[\r][\n]"
15:50:23.865 [Test worker] DEBUG org.apache.http.wire - http-outgoing-2 >> "Accept: application/json, application/*+json[\r][\n]"
15:50:23.865 [Test worker] DEBUG org.apache.http.wire - http-outgoing-2 >> "Host: api.themoviedb.org[\r][\n]"
15:50:23.865 [Test worker] DEBUG org.apache.http.wire - http-outgoing-2 >> "Connection: Keep-Alive[\r][\n]"
15:50:23.865 [Test worker] DEBUG org.apache.http.wire - http-outgoing-2 >> "User-Agent: Apache-HttpClient/4.3.5 (java 1.5)[\r][\n]"
15:50:23.865 [Test worker] DEBUG org.apache.http.wire - http-outgoing-2 >> "Accept-Encoding: gzip,deflate[\r][\n]"
15:50:23.865 [Test worker] DEBUG org.apache.http.wire - http-outgoing-2 >> "[\r][\n]"
15:50:24.455 [Test worker] DEBUG org.apache.http.wire - http-outgoing-2 << "HTTP/1.1 401 Unauthorized[\r][\n]"
15:50:24.455 [Test worker] DEBUG org.apache.http.wire - http-outgoing-2 << "Content-Type: application/json;charset=utf-8[\r][\n]"
15:50:24.455 [Test worker] DEBUG org.apache.http.wire - http-outgoing-2 << "Date: Tue, 21 Jun 2016 08:50:25 GMT[\r][\n]"
15:50:24.455 [Test worker] DEBUG org.apache.http.wire - http-outgoing-2 << "Server: openresty[\r][\n]"
15:50:24.455 [Test worker] DEBUG org.apache.http.wire - http-outgoing-2 << "X-RateLimit-Limit: 40[\r][\n]"
15:50:24.455 [Test worker] DEBUG org.apache.http.wire - http-outgoing-2 << "X-RateLimit-Remaining: 37[\r][\n]"
15:50:24.455 [Test worker] DEBUG org.apache.http.wire - http-outgoing-2 << "X-RateLimit-Reset: 1466499030[\r][\n]"
15:50:24.455 [Test worker] DEBUG org.apache.http.wire - http-outgoing-2 << "Content-Length: 86[\r][\n]"
15:50:24.455 [Test worker] DEBUG org.apache.http.wire - http-outgoing-2 << "Connection: close[\r][\n]"
15:50:24.455 [Test worker] DEBUG org.apache.http.wire - http-outgoing-2 << "[\r][\n]"
15:50:24.455 [Test worker] DEBUG org.apache.http.wire - http-outgoing-2 << "{"status_code":7,"status_message":"Invalid API key: You must be granted a valid key."}"
15:50:24.456 [Test worker] DEBUG org.apache.http.headers - http-outgoing-2 << HTTP/1.1 401 Unauthorized
15:50:24.456 [Test worker] DEBUG org.apache.http.headers - http-outgoing-2 << Content-Type: application/json;charset=utf-8
15:50:24.456 [Test worker] DEBUG org.apache.http.headers - http-outgoing-2 << Date: Tue, 21 Jun 2016 08:50:25 GMT
15:50:24.456 [Test worker] DEBUG org.apache.http.headers - http-outgoing-2 << Server: openresty
15:50:24.456 [Test worker] DEBUG org.apache.http.headers - http-outgoing-2 << X-RateLimit-Limit: 40
15:50:24.456 [Test worker] DEBUG org.apache.http.headers - http-outgoing-2 << X-RateLimit-Remaining: 37
15:50:24.456 [Test worker] DEBUG org.apache.http.headers - http-outgoing-2 << X-RateLimit-Reset: 1466499030
15:50:24.456 [Test worker] DEBUG org.apache.http.headers - http-outgoing-2 << Content-Length: 86
15:50:24.456 [Test worker] DEBUG org.apache.http.headers - http-outgoing-2 << Connection: close
15:50:24.456 [Test worker] DEBUG o.a.http.impl.auth.HttpAuthenticator - Authentication required
15:50:24.456 [Test worker] DEBUG o.a.http.impl.auth.HttpAuthenticator - api.themoviedb.org:80 requested authentication
15:50:24.456 [Test worker] DEBUG o.a.http.impl.auth.HttpAuthenticator - Response contains no authentication challenges
15:50:24.456 [Test worker] DEBUG o.s.web.client.RestTemplate - GET request for "/search/movie?api_key=your_key_here&query=fight%2Bclub&year=2013" resulted in 401 (Unauthorized); invoking error handler
15:50:24.456 [Test worker] DEBUG o.a.h.i.c.DefaultManagedHttpClientConnection - http-outgoing-2: Shutdown connection
15:50:24.457 [Test worker] DEBUG o.a.h.impl.execchain.MainClientExec - Connection discarded
15:50:24.457 [Test worker] DEBUG o.a.h.i.c.DefaultManagedHttpClientConnection - http-outgoing-2: Close connection
15:50:24.457 [Test worker] DEBUG o.a.h.i.c.PoolingHttpClientConnectionManager - Connection released: [id: 2][route: {}->http://api.themoviedb.org:80][total kept alive: 0; route allocated: 0 of 100; total allocated: 0 of 500]
15:50:24.457 [Test worker] DEBUG o.s.retry.support.RetryTemplate - Checking for rethrow: count=3
15:50:24.457 [Test worker] DEBUG o.s.retry.support.RetryTemplate - Retry failed last attempt: count=3
15:50:24.463 [Test worker] DEBUG o.s.t.c.s.DirtiesContextTestExecutionListener - After test method: context [DefaultTestContext@6335caa testClass = SearchMoviesIntegrationTest, testInstance = com.susu.movies.integration.SearchMoviesIntegrationTest@42fe8260, testMethod = $spock_feature_0_0@SearchMoviesIntegrationTest, testException = com.susu.movies.search.adapter.SearchMoviesException: Error response from Movies API, mergedContextConfiguration = [MergedContextConfiguration@501aee8 testClass = SearchMoviesIntegrationTest, locations = '{}', classes = '{class com.susu.movies.integration.IntegrationTestConfiguration, class com.susu.movies.Application}', contextInitializerClasses = '[]', activeProfiles = '{}', propertySourceLocations = '{}', propertySourceProperties = '{}', contextLoader = 'org.springframework.test.context.support.DelegatingSmartContextLoader', parent = [null]]], class dirties context [false], class mode [null], method dirties context [false].
15:50:24.464 [Test worker] DEBUG o.s.t.c.s.DirtiesContextTestExecutionListener - After test class: context [DefaultTestContext@6335caa testClass = SearchMoviesIntegrationTest, testInstance = [null], testMethod = [null], testException = [null], mergedContextConfiguration = [MergedContextConfiguration@501aee8 testClass = SearchMoviesIntegrationTest, locations = '{}', classes = '{class com.susu.movies.integration.IntegrationTestConfiguration, class com.susu.movies.Application}', contextInitializerClasses = '[]', activeProfiles = '{}', propertySourceLocations = '{}', propertySourceProperties = '{}', contextLoader = 'org.springframework.test.context.support.DelegatingSmartContextLoader', parent = [null]]], dirtiesContext [false].
]]></system-out>
  <system-err><![CDATA[]]></system-err>
</testsuite>
